[07-Sep-2017 17:32:13 UTC] PHP Parse error:  syntax error, unexpected '&' in /home/ubuntu/workspace/Maolsen/Maolsen/practice/randomcolor.php on line 7
[07-Sep-2017 17:32:54 UTC] PHP Parse error:  syntax error, unexpected ',' in /home/ubuntu/workspace/Maolsen/Maolsen/practice/randomcolor.php on line 7
[07-Sep-2017 17:32:56 UTC] PHP Parse error:  syntax error, unexpected ',' in /home/ubuntu/workspace/Maolsen/Maolsen/practice/randomcolor.php on line 7
[07-Sep-2017 17:33:45 UTC] PHP Parse error:  syntax error, unexpected ':' in /home/ubuntu/workspace/Maolsen/Maolsen/practice/randomcolor.php on line 9
[07-Sep-2017 17:33:46 UTC] PHP Parse error:  syntax error, unexpected ':' in /home/ubuntu/workspace/Maolsen/Maolsen/practice/randomcolor.php on line 9
[07-Sep-2017 17:33:47 UTC] PHP Parse error:  syntax error, unexpected ':' in /home/ubuntu/workspace/Maolsen/Maolsen/practice/randomcolor.php on line 9
[07-Sep-2017 17:34:25 UTC] PHP Parse error:  syntax error, unexpected ':' in /home/ubuntu/workspace/Maolsen/Maolsen/practice/randomcolor.php on line 9
[07-Sep-2017 17:35:06 UTC] PHP Parse error:  syntax error, unexpected ',' in /home/ubuntu/workspace/Maolsen/Maolsen/practice/randomcolor.php on line 10
[19-Oct-2017 06:59:37 UTC] PHP Parse error:  syntax error, unexpected 'for' (T_FOR) in /home/ubuntu/workspace/Maolsen/Maolsen/practice/Letter.php on line 5
[19-Oct-2017 18:15:07 UTC] PHP Parse error:  syntax error, unexpected '$conn' (T_VARIABLE) in /home/ubuntu/workspace/Maolsen/Maolsen/Midterm/program2.php on line 3
[19-Oct-2017 18:15:25 UTC] PHP Parse error:  syntax error, unexpected '$conn' (T_VARIABLE) in /home/ubuntu/workspace/Maolsen/Maolsen/Midterm/program2.php on line 3
[19-Oct-2017 18:16:17 UTC] PHP Parse error:  syntax error, unexpected '}', expecting ',' or ';' in /home/ubuntu/workspace/Maolsen/Maolsen/Midterm/program2.php on line 16
[19-Oct-2017 18:16:25 UTC] PHP Warning:  include(../../../dbConnection.php): failed to open stream: No such file or directory in /home/ubuntu/workspace/Maolsen/Maolsen/Midterm/program2.php on line 2
[19-Oct-2017 18:16:25 UTC] PHP Stack trace:
[19-Oct-2017 18:16:25 UTC] PHP   1. {main}() /home/ubuntu/workspace/Maolsen/Maolsen/Midterm/program2.php:0
[19-Oct-2017 18:16:25 UTC] PHP Warning:  include(): Failed opening '../../../dbConnection.php' for inclusion (include_path='.:/usr/share/php:/usr/share/pear') in /home/ubuntu/workspace/Maolsen/Maolsen/Midterm/program2.php on line 2
[19-Oct-2017 18:16:25 UTC] PHP Stack trace:
[19-Oct-2017 18:16:25 UTC] PHP   1. {main}() /home/ubuntu/workspace/Maolsen/Maolsen/Midterm/program2.php:0
[19-Oct-2017 18:16:25 UTC] PHP Fatal error:  Call to undefined function getDbConnection() in /home/ubuntu/workspace/Maolsen/Maolsen/Midterm/program2.php on line 4
[19-Oct-2017 18:16:25 UTC] PHP Stack trace:
[19-Oct-2017 18:16:25 UTC] PHP   1. {main}() /home/ubuntu/workspace/Maolsen/Maolsen/Midterm/program2.php:0
[19-Oct-2017 18:16:37 UTC] PHP Fatal error:  Uncaught exception 'PDOException' with message 'SQLSTATE[42S02]: Base table or view not found: 1146 Table 'qoutes.m_students' doesn't exist' in /home/ubuntu/workspace/Maolsen/Maolsen/Midterm/program2.php:10
Stack trace:
#0 /home/ubuntu/workspace/Maolsen/Maolsen/Midterm/program2.php(10): PDOStatement->execute()
#1 {main}
  thrown in /home/ubuntu/workspace/Maolsen/Maolsen/Midterm/program2.php on line 10
[19-Oct-2017 18:17:32 UTC] PHP Warning:  Missing argument 1 for getDbConnection(), called in /home/ubuntu/workspace/Maolsen/Maolsen/Midterm/program2.php on line 4 and defined in /home/ubuntu/workspace/Maolsen/dbConnection.php on line 3
[19-Oct-2017 18:17:32 UTC] PHP Stack trace:
[19-Oct-2017 18:17:32 UTC] PHP   1. {main}() /home/ubuntu/workspace/Maolsen/Maolsen/Midterm/program2.php:0
[19-Oct-2017 18:17:32 UTC] PHP   2. getDbConnection() /home/ubuntu/workspace/Maolsen/Maolsen/Midterm/program2.php:4
[19-Oct-2017 18:17:32 UTC] PHP Fatal error:  Uncaught exception 'PDOException' with message 'SQLSTATE[42S22]: Column not found: 1054 Unknown column 'F' in 'where clause'' in /home/ubuntu/workspace/Maolsen/Maolsen/Midterm/program2.php:10
Stack trace:
#0 /home/ubuntu/workspace/Maolsen/Maolsen/Midterm/program2.php(10): PDOStatement->execute()
#1 {main}
  thrown in /home/ubuntu/workspace/Maolsen/Maolsen/Midterm/program2.php on line 10
[19-Oct-2017 18:17:41 UTC] PHP Fatal error:  Uncaught exception 'PDOException' with message 'SQLSTATE[42S22]: Column not found: 1054 Unknown column 'F' in 'where clause'' in /home/ubuntu/workspace/Maolsen/Maolsen/Midterm/program2.php:10
Stack trace:
#0 /home/ubuntu/workspace/Maolsen/Maolsen/Midterm/program2.php(10): PDOStatement->execute()
#1 {main}
  thrown in /home/ubuntu/workspace/Maolsen/Maolsen/Midterm/program2.php on line 10
[19-Oct-2017 18:18:30 UTC] PHP Parse error:  syntax error, unexpected 'foreach' (T_FOREACH) in /home/ubuntu/workspace/Maolsen/Maolsen/Midterm/program2.php on line 14
[19-Oct-2017 18:20:54 UTC] PHP Parse error:  syntax error, unexpected 'for' (T_FOR) in /home/ubuntu/workspace/Maolsen/Maolsen/Midterm/program2.php on line 14
[19-Oct-2017 18:26:53 UTC] PHP Parse error:  syntax error, unexpected '" <br>"' (T_CONSTANT_ENCAPSED_STRING), expecting ',' or ';' in /home/ubuntu/workspace/Maolsen/Maolsen/Midterm/program2.php on line 26
[19-Oct-2017 18:27:26 UTC] PHP Parse error:  syntax error, unexpected '$sql' (T_VARIABLE), expecting ',' or ';' in /home/ubuntu/workspace/Maolsen/Maolsen/Midterm/program2.php on line 8
[19-Oct-2017 18:27:37 UTC] PHP Parse error:  syntax error, unexpected '" <br>"' (T_CONSTANT_ENCAPSED_STRING), expecting ',' or ';' in /home/ubuntu/workspace/Maolsen/Maolsen/Midterm/program2.php on line 28
[19-Oct-2017 18:28:57 UTC] PHP Fatal error:  Uncaught exception 'PDOException' with message 'SQLSTATE[42S22]: Column not found: 1054 Unknown column 'grades' in 'where clause'' in /home/ubuntu/workspace/Maolsen/Maolsen/Midterm/program2.php:25
Stack trace:
#0 /home/ubuntu/workspace/Maolsen/Maolsen/Midterm/program2.php(25): PDOStatement->execute(Array)
#1 /home/ubuntu/workspace/Maolsen/Maolsen/Midterm/program2.php(39): displayLow()
#2 {main}
  thrown in /home/ubuntu/workspace/Maolsen/Maolsen/Midterm/program2.php on line 25
[19-Oct-2017 18:35:20 UTC] PHP Fatal error:  Uncaught exception 'PDOException' with message 'SQLSTATE[42000]: Syntax error or access violation: 1064 You have an error in your SQL syntax; check the manual that corresponds to your MySQL server version for the right syntax to use near 'empty' at line 1' in /home/ubuntu/workspace/Maolsen/Maolsen/Midterm/program2.php:38
Stack trace:
#0 /home/ubuntu/workspace/Maolsen/Maolsen/Midterm/program2.php(38): PDOStatement->execute(Array)
#1 /home/ubuntu/workspace/Maolsen/Maolsen/Midterm/program2.php(55): displayNot()
#2 {main}
  thrown in /home/ubuntu/workspace/Maolsen/Maolsen/Midterm/program2.php on line 38
[19-Oct-2017 18:37:44 UTC] PHP Fatal error:  Uncaught exception 'PDOException' with message 'SQLSTATE[42000]: Syntax error or access violation: 1064 You have an error in your SQL syntax; check the manual that corresponds to your MySQL server version for the right syntax to use near 'grade' at line 1' in /home/ubuntu/workspace/Maolsen/Maolsen/Midterm/program2.php:38
Stack trace:
#0 /home/ubuntu/workspace/Maolsen/Maolsen/Midterm/program2.php(38): PDOStatement->execute(Array)
#1 /home/ubuntu/workspace/Maolsen/Maolsen/Midterm/program2.php(55): displayNot()
#2 {main}
  thrown in /home/ubuntu/workspace/Maolsen/Maolsen/Midterm/program2.php on line 38
[19-Oct-2017 18:37:54 UTC] PHP Fatal error:  Uncaught exception 'PDOException' with message 'SQLSTATE[42000]: Syntax error or access violation: 1064 You have an error in your SQL syntax; check the manual that corresponds to your MySQL server version for the right syntax to use near 'exist' at line 1' in /home/ubuntu/workspace/Maolsen/Maolsen/Midterm/program2.php:38
Stack trace:
#0 /home/ubuntu/workspace/Maolsen/Maolsen/Midterm/program2.php(38): PDOStatement->execute(Array)
#1 /home/ubuntu/workspace/Maolsen/Maolsen/Midterm/program2.php(55): displayNot()
#2 {main}
  thrown in /home/ubuntu/workspace/Maolsen/Maolsen/Midterm/program2.php on line 38
[19-Oct-2017 18:37:55 UTC] PHP Fatal error:  Uncaught exception 'PDOException' with message 'SQLSTATE[42000]: Syntax error or access violation: 1064 You have an error in your SQL syntax; check the manual that corresponds to your MySQL server version for the right syntax to use near 'exist' at line 1' in /home/ubuntu/workspace/Maolsen/Maolsen/Midterm/program2.php:38
Stack trace:
#0 /home/ubuntu/workspace/Maolsen/Maolsen/Midterm/program2.php(38): PDOStatement->execute(Array)
#1 /home/ubuntu/workspace/Maolsen/Maolsen/Midterm/program2.php(55): displayNot()
#2 {main}
  thrown in /home/ubuntu/workspace/Maolsen/Maolsen/Midterm/program2.php on line 38
[19-Oct-2017 18:42:12 UTC] PHP Parse error:  syntax error, unexpected '}' in /home/ubuntu/workspace/Maolsen/Maolsen/Midterm/program2.php on line 71
