[19-Sep-2017 03:38:23 UTC] PHP Parse error:  syntax error, unexpected '=>' (T_DOUBLE_ARROW), expecting ';' in /home/ubuntu/workspace/Maolsen/Maolsen/Homework/Hw2/index.php on line 29
[19-Sep-2017 03:48:28 UTC] PHP Parse error:  syntax error, unexpected '>' in /home/ubuntu/workspace/Maolsen/Maolsen/Homework/Hw2/index.php on line 162
[19-Sep-2017 04:10:57 UTC] PHP Fatal error:  Undefined constant 'n' in /home/ubuntu/workspace/Maolsen/Maolsen/Homework/Hw2/index.php on line 33
[19-Sep-2017 04:10:57 UTC] PHP Stack trace:
[19-Sep-2017 04:10:57 UTC] PHP   1. {main}() /home/ubuntu/workspace/Maolsen/Maolsen/Homework/Hw2/index.php:0
[19-Sep-2017 04:47:39 UTC] PHP Parse error:  syntax error, unexpected end of file in /home/ubuntu/workspace/Maolsen/Maolsen/Homework/Hw2/index.php on line 174
[19-Sep-2017 07:01:28 UTC] PHP Fatal error:  Call to undefined function length() in /home/ubuntu/workspace/Maolsen/Maolsen/Homework/Hw2/index.php on line 28
[19-Sep-2017 07:01:28 UTC] PHP Stack trace:
[19-Sep-2017 07:01:28 UTC] PHP   1. {main}() /home/ubuntu/workspace/Maolsen/Maolsen/Homework/Hw2/index.php:0
[19-Sep-2017 07:05:41 UTC] PHP Parse error:  syntax error, unexpected '}', expecting ',' or ';' in /home/ubuntu/workspace/Maolsen/Maolsen/Homework/Hw2/index.php on line 32
[19-Sep-2017 08:51:03 UTC] PHP Warning:  explode() expects parameter 2 to be string, array given in /home/ubuntu/workspace/Maolsen/Maolsen/Homework/Hw2/index.php on line 14
[19-Sep-2017 08:51:03 UTC] PHP Stack trace:
[19-Sep-2017 08:51:03 UTC] PHP   1. {main}() /home/ubuntu/workspace/Maolsen/Maolsen/Homework/Hw2/index.php:0
[19-Sep-2017 08:51:03 UTC] PHP   2. explode() /home/ubuntu/workspace/Maolsen/Maolsen/Homework/Hw2/index.php:14
[19-Sep-2017 08:51:03 UTC] PHP Warning:  array_reverse() expects parameter 1 to be array, null given in /home/ubuntu/workspace/Maolsen/Maolsen/Homework/Hw2/index.php on line 15
[19-Sep-2017 08:51:03 UTC] PHP Stack trace:
[19-Sep-2017 08:51:03 UTC] PHP   1. {main}() /home/ubuntu/workspace/Maolsen/Maolsen/Homework/Hw2/index.php:0
[19-Sep-2017 08:51:03 UTC] PHP   2. array_reverse() /home/ubuntu/workspace/Maolsen/Maolsen/Homework/Hw2/index.php:15
[19-Sep-2017 09:11:50 UTC] PHP Parse error:  syntax error, unexpected 'echo' (T_ECHO), expecting ',' or ';' in /home/ubuntu/workspace/Maolsen/Maolsen/Homework/Hw2/index.php on line 263
[10-Oct-2017 02:22:47 UTC] PHP Warning:  Division by zero in /home/ubuntu/workspace/Maolsen/Maolsen/Homework/Hw3/index.php on line 87
[10-Oct-2017 02:22:47 UTC] PHP Stack trace:
[10-Oct-2017 02:22:47 UTC] PHP   1. {main}() /home/ubuntu/workspace/Maolsen/Maolsen/Homework/Hw3/index.php:0
[10-Oct-2017 02:48:41 UTC] PHP Parse error:  syntax error, unexpected '}' in /home/ubuntu/workspace/Maolsen/Maolsen/Homework/Hw3/index.php on line 113
[10-Oct-2017 04:22:49 UTC] PHP Fatal error:  Cannot use isset() on the result of an expression (you can use "null !== expression" instead) in /home/ubuntu/workspace/Maolsen/Maolsen/Homework/Hw3/index.php on line 26
[10-Oct-2017 05:30:45 UTC] PHP Warning:  include(api/pixabayAPI.php): failed to open stream: No such file or directory in /home/ubuntu/workspace/Maolsen/Maolsen/Homework/Hw3/index.php on line 2
[10-Oct-2017 05:30:45 UTC] PHP Stack trace:
[10-Oct-2017 05:30:45 UTC] PHP   1. {main}() /home/ubuntu/workspace/Maolsen/Maolsen/Homework/Hw3/index.php:0
[10-Oct-2017 05:30:45 UTC] PHP Warning:  include(): Failed opening 'api/pixabayAPI.php' for inclusion (include_path='.:/usr/share/php:/usr/share/pear') in /home/ubuntu/workspace/Maolsen/Maolsen/Homework/Hw3/index.php on line 2
[10-Oct-2017 05:30:45 UTC] PHP Stack trace:
[10-Oct-2017 05:30:45 UTC] PHP   1. {main}() /home/ubuntu/workspace/Maolsen/Maolsen/Homework/Hw3/index.php:0
[10-Oct-2017 05:30:45 UTC] PHP Fatal error:  Call to undefined function getImageURLs() in /home/ubuntu/workspace/Maolsen/Maolsen/Homework/Hw3/index.php on line 29
[10-Oct-2017 05:30:45 UTC] PHP Stack trace:
[10-Oct-2017 05:30:45 UTC] PHP   1. {main}() /home/ubuntu/workspace/Maolsen/Maolsen/Homework/Hw3/index.php:0
[10-Oct-2017 05:32:32 UTC] PHP Parse error:  syntax error, unexpected end of file in /home/ubuntu/workspace/Maolsen/Maolsen/Homework/Hw3/index.php on line 174
[30-Nov-2017 09:27:56 UTC] PHP Fatal error:  Uncaught exception 'PDOException' with message 'SQLSTATE[42S02]: Base table or view not found: 1146 Table 'qoutes.q_quiz' doesn't exist' in /home/ubuntu/workspace/Maolsen/Maolsen/Homework/Hw5/submit.php:17
Stack trace:
#0 /home/ubuntu/workspace/Maolsen/Maolsen/Homework/Hw5/submit.php(17): PDOStatement->execute(Array)
#1 {main}
  thrown in /home/ubuntu/workspace/Maolsen/Maolsen/Homework/Hw5/submit.php on line 17
[30-Nov-2017 09:30:12 UTC] PHP Fatal error:  Call to a member function execute() on a non-object in /home/ubuntu/workspace/Maolsen/Maolsen/Homework/Hw5/submit.php on line 17
[30-Nov-2017 09:30:12 UTC] PHP Stack trace:
[30-Nov-2017 09:30:12 UTC] PHP   1. {main}() /home/ubuntu/workspace/Maolsen/Maolsen/Homework/Hw5/submit.php:0
[30-Nov-2017 09:34:30 UTC] PHP Fatal error:  Uncaught exception 'PDOException' with message 'SQLSTATE[HY093]: Invalid parameter number: parameter was not defined' in /home/ubuntu/workspace/Maolsen/Maolsen/Homework/Hw5/submit.php:17
Stack trace:
#0 /home/ubuntu/workspace/Maolsen/Maolsen/Homework/Hw5/submit.php(17): PDOStatement->execute(Array)
#1 {main}
  thrown in /home/ubuntu/workspace/Maolsen/Maolsen/Homework/Hw5/submit.php on line 17
[30-Nov-2017 09:38:08 UTC] PHP Fatal error:  Uncaught exception 'PDOException' with message 'SQLSTATE[HY093]: Invalid parameter number: parameter was not defined' in /home/ubuntu/workspace/Maolsen/Maolsen/Homework/Hw5/submit.php:17
Stack trace:
#0 /home/ubuntu/workspace/Maolsen/Maolsen/Homework/Hw5/submit.php(17): PDOStatement->execute(Array)
#1 {main}
  thrown in /home/ubuntu/workspace/Maolsen/Maolsen/Homework/Hw5/submit.php on line 17
[30-Nov-2017 09:38:55 UTC] PHP Fatal error:  Uncaught exception 'PDOException' with message 'SQLSTATE[HY093]: Invalid parameter number: parameter was not defined' in /home/ubuntu/workspace/Maolsen/Maolsen/Homework/Hw5/submit.php:17
Stack trace:
#0 /home/ubuntu/workspace/Maolsen/Maolsen/Homework/Hw5/submit.php(17): PDOStatement->execute(Array)
#1 {main}
  thrown in /home/ubuntu/workspace/Maolsen/Maolsen/Homework/Hw5/submit.php on line 17
[30-Nov-2017 09:41:55 UTC] PHP Fatal error:  Uncaught exception 'PDOException' with message 'SQLSTATE[HY093]: Invalid parameter number: parameter was not defined' in /home/ubuntu/workspace/Maolsen/Maolsen/Homework/Hw5/submit.php:17
Stack trace:
#0 /home/ubuntu/workspace/Maolsen/Maolsen/Homework/Hw5/submit.php(17): PDOStatement->execute(Array)
#1 {main}
  thrown in /home/ubuntu/workspace/Maolsen/Maolsen/Homework/Hw5/submit.php on line 17
[30-Nov-2017 09:43:14 UTC] PHP Fatal error:  Uncaught exception 'PDOException' with message 'SQLSTATE[HY093]: Invalid parameter number: parameter was not defined' in /home/ubuntu/workspace/Maolsen/Maolsen/Homework/Hw5/submit.php:17
Stack trace:
#0 /home/ubuntu/workspace/Maolsen/Maolsen/Homework/Hw5/submit.php(17): PDOStatement->execute(Array)
#1 {main}
  thrown in /home/ubuntu/workspace/Maolsen/Maolsen/Homework/Hw5/submit.php on line 17
[30-Nov-2017 09:46:23 UTC] PHP Fatal error:  Uncaught exception 'PDOException' with message 'SQLSTATE[HY093]: Invalid parameter number: parameter was not defined' in /home/ubuntu/workspace/Maolsen/Maolsen/Homework/Hw5/submit.php:17
Stack trace:
#0 /home/ubuntu/workspace/Maolsen/Maolsen/Homework/Hw5/submit.php(17): PDOStatement->execute(Array)
#1 {main}
  thrown in /home/ubuntu/workspace/Maolsen/Maolsen/Homework/Hw5/submit.php on line 17
[30-Nov-2017 09:46:28 UTC] PHP Fatal error:  Uncaught exception 'PDOException' with message 'SQLSTATE[HY093]: Invalid parameter number: parameter was not defined' in /home/ubuntu/workspace/Maolsen/Maolsen/Homework/Hw5/submit.php:17
Stack trace:
#0 /home/ubuntu/workspace/Maolsen/Maolsen/Homework/Hw5/submit.php(17): PDOStatement->execute(Array)
#1 {main}
  thrown in /home/ubuntu/workspace/Maolsen/Maolsen/Homework/Hw5/submit.php on line 17
[30-Nov-2017 09:48:09 UTC] PHP Fatal error:  Uncaught exception 'PDOException' with message 'SQLSTATE[HY093]: Invalid parameter number: parameter was not defined' in /home/ubuntu/workspace/Maolsen/Maolsen/Homework/Hw5/submit.php:17
Stack trace:
#0 /home/ubuntu/workspace/Maolsen/Maolsen/Homework/Hw5/submit.php(17): PDOStatement->execute(Array)
#1 {main}
  thrown in /home/ubuntu/workspace/Maolsen/Maolsen/Homework/Hw5/submit.php on line 17
[30-Nov-2017 09:53:33 UTC] PHP Fatal error:  Uncaught exception 'PDOException' with message 'SQLSTATE[HY093]: Invalid parameter number: parameter was not defined' in /home/ubuntu/workspace/Maolsen/Maolsen/Homework/Hw5/submit.php:17
Stack trace:
#0 /home/ubuntu/workspace/Maolsen/Maolsen/Homework/Hw5/submit.php(17): PDOStatement->execute(Array)
#1 {main}
  thrown in /home/ubuntu/workspace/Maolsen/Maolsen/Homework/Hw5/submit.php on line 17
[30-Nov-2017 10:07:47 UTC] PHP Fatal error:  Uncaught exception 'PDOException' with message 'SQLSTATE[HY093]: Invalid parameter number: parameter was not defined' in /home/ubuntu/workspace/Maolsen/Maolsen/Homework/Hw5/submit.php:17
Stack trace:
#0 /home/ubuntu/workspace/Maolsen/Maolsen/Homework/Hw5/submit.php(17): PDOStatement->execute(Array)
#1 {main}
  thrown in /home/ubuntu/workspace/Maolsen/Maolsen/Homework/Hw5/submit.php on line 17
[30-Nov-2017 10:11:20 UTC] PHP Fatal error:  Uncaught exception 'PDOException' with message 'SQLSTATE[HY093]: Invalid parameter number: parameter was not defined' in /home/ubuntu/workspace/Maolsen/Maolsen/Homework/Hw5/submit.php:17
Stack trace:
#0 /home/ubuntu/workspace/Maolsen/Maolsen/Homework/Hw5/submit.php(17): PDOStatement->execute(Array)
#1 {main}
  thrown in /home/ubuntu/workspace/Maolsen/Maolsen/Homework/Hw5/submit.php on line 17
[30-Nov-2017 10:16:23 UTC] PHP Fatal error:  Uncaught exception 'PDOException' with message 'SQLSTATE[HY093]: Invalid parameter number: parameter was not defined' in /home/ubuntu/workspace/Maolsen/Maolsen/Homework/Hw5/submit.php:17
Stack trace:
#0 /home/ubuntu/workspace/Maolsen/Maolsen/Homework/Hw5/submit.php(17): PDOStatement->execute(Array)
#1 {main}
  thrown in /home/ubuntu/workspace/Maolsen/Maolsen/Homework/Hw5/submit.php on line 17
[30-Nov-2017 10:18:02 UTC] PHP Fatal error:  Uncaught exception 'PDOException' with message 'SQLSTATE[HY093]: Invalid parameter number: parameter was not defined' in /home/ubuntu/workspace/Maolsen/Maolsen/Homework/Hw5/submit.php:17
Stack trace:
#0 /home/ubuntu/workspace/Maolsen/Maolsen/Homework/Hw5/submit.php(17): PDOStatement->execute(Array)
#1 {main}
  thrown in /home/ubuntu/workspace/Maolsen/Maolsen/Homework/Hw5/submit.php on line 17
[30-Nov-2017 10:18:07 UTC] PHP Fatal error:  Uncaught exception 'PDOException' with message 'SQLSTATE[HY093]: Invalid parameter number: parameter was not defined' in /home/ubuntu/workspace/Maolsen/Maolsen/Homework/Hw5/submit.php:17
Stack trace:
#0 /home/ubuntu/workspace/Maolsen/Maolsen/Homework/Hw5/submit.php(17): PDOStatement->execute(Array)
#1 {main}
  thrown in /home/ubuntu/workspace/Maolsen/Maolsen/Homework/Hw5/submit.php on line 17
