[05-Sep-2017 18:06:57 UTC] PHP Parse error:  syntax error, unexpected '$randomNumber' (T_VARIABLE) in /home/ubuntu/workspace/Maolsen/Maolsen/labs/lab2/index.php on line 18
[05-Sep-2017 18:07:34 UTC] PHP Parse error:  syntax error, unexpected '$randomNumber' (T_VARIABLE) in /home/ubuntu/workspace/Maolsen/Maolsen/labs/lab2/index.php on line 18
[05-Sep-2017 18:07:36 UTC] PHP Parse error:  syntax error, unexpected '$randomNumber' (T_VARIABLE) in /home/ubuntu/workspace/Maolsen/Maolsen/labs/lab2/index.php on line 18
[05-Sep-2017 18:08:31 UTC] PHP Parse error:  syntax error, unexpected '$randomNumber' (T_VARIABLE) in /home/ubuntu/workspace/Maolsen/Maolsen/labs/lab2/index.php on line 18
[05-Sep-2017 18:08:33 UTC] PHP Parse error:  syntax error, unexpected '$randomNumber' (T_VARIABLE) in /home/ubuntu/workspace/Maolsen/Maolsen/labs/lab2/index.php on line 18
[05-Sep-2017 18:08:33 UTC] PHP Parse error:  syntax error, unexpected '$randomNumber' (T_VARIABLE) in /home/ubuntu/workspace/Maolsen/Maolsen/labs/lab2/index.php on line 18
[05-Sep-2017 18:08:33 UTC] PHP Parse error:  syntax error, unexpected '$randomNumber' (T_VARIABLE) in /home/ubuntu/workspace/Maolsen/Maolsen/labs/lab2/index.php on line 18
[05-Sep-2017 18:08:34 UTC] PHP Parse error:  syntax error, unexpected '$randomNumber' (T_VARIABLE) in /home/ubuntu/workspace/Maolsen/Maolsen/labs/lab2/index.php on line 18
[05-Sep-2017 18:08:34 UTC] PHP Parse error:  syntax error, unexpected '$randomNumber' (T_VARIABLE) in /home/ubuntu/workspace/Maolsen/Maolsen/labs/lab2/index.php on line 18
[05-Sep-2017 18:08:34 UTC] PHP Parse error:  syntax error, unexpected '$randomNumber' (T_VARIABLE) in /home/ubuntu/workspace/Maolsen/Maolsen/labs/lab2/index.php on line 18
[05-Sep-2017 18:08:34 UTC] PHP Parse error:  syntax error, unexpected '$randomNumber' (T_VARIABLE) in /home/ubuntu/workspace/Maolsen/Maolsen/labs/lab2/index.php on line 18
[05-Sep-2017 18:08:34 UTC] PHP Parse error:  syntax error, unexpected '$randomNumber' (T_VARIABLE) in /home/ubuntu/workspace/Maolsen/Maolsen/labs/lab2/index.php on line 18
[05-Sep-2017 18:39:19 UTC] PHP Fatal error:  Maximum function nesting level of '256' reached, aborting! in /home/ubuntu/workspace/Maolsen/Maolsen/labs/lab2/index.php on line 44
[05-Sep-2017 18:39:19 UTC] PHP Stack trace:
[05-Sep-2017 18:39:19 UTC] PHP   1. {main}() /home/ubuntu/workspace/Maolsen/Maolsen/labs/lab2/index.php:0
[05-Sep-2017 18:39:19 UTC] PHP   2. printout() /home/ubuntu/workspace/Maolsen/Maolsen/labs/lab2/index.php:52
[05-Sep-2017 18:39:19 UTC] PHP   3. printout() /home/ubuntu/workspace/Maolsen/Maolsen/labs/lab2/index.php:45
[05-Sep-2017 18:39:19 UTC] PHP   4. printout() /home/ubuntu/workspace/Maolsen/Maolsen/labs/lab2/index.php:45
[05-Sep-2017 18:39:19 UTC] PHP   5. printout() /home/ubuntu/workspace/Maolsen/Maolsen/labs/lab2/index.php:45
[05-Sep-2017 18:39:19 UTC] PHP   6. printout() /home/ubuntu/workspace/Maolsen/Maolsen/labs/lab2/index.php:45
[05-Sep-2017 18:39:19 UTC] PHP   7. printout() /home/ubuntu/workspace/Maolsen/Maolsen/labs/lab2/index.php:45
[05-Sep-2017 18:39:19 UTC] PHP   8. printout() /home/ubuntu/workspace/Maolsen/Maolsen/labs/lab2/index.php:45
[05-Sep-2017 18:39:19 UTC] PHP   9. printout() /home/ubuntu/workspace/Maolsen/Maolsen/labs/lab2/index.php:45
[05-Sep-2017 18:39:19 UTC] PHP  10. printout() /home/ubuntu/workspace/Maolsen/Maolsen/labs/lab2/index.php:45
[05-Sep-2017 18:39:19 UTC] PHP  11. printout() /home/ubuntu/workspace/Maolsen/Maolsen/labs/lab2/index.php:45
[05-Sep-2017 18:39:19 UTC] PHP  12. printout() /home/ubuntu/workspace/Maolsen/Maolsen/labs/lab2/index.php:45
[05-Sep-2017 18:39:19 UTC] PHP  13. printout() /home/ubuntu/workspace/Maolsen/Maolsen/labs/lab2/index.php:45
[05-Sep-2017 18:39:19 UTC] PHP  14. printout() /home/ubuntu/workspace/Maolsen/Maolsen/labs/lab2/index.php:45
[05-Sep-2017 18:39:19 UTC] PHP  15. printout() /home/ubuntu/workspace/Maolsen/Maolsen/labs/lab2/index.php:45
[05-Sep-2017 18:39:19 UTC] PHP  16. printout() /home/ubuntu/workspace/Maolsen/Maolsen/labs/lab2/index.php:45
[05-Sep-2017 18:39:19 UTC] PHP  17. printout() /home/ubuntu/workspace/Maolsen/Maolsen/labs/lab2/index.php:45
[05-Sep-2017 18:39:19 UTC] PHP  18. printout() /home/ubuntu/workspace/Maolsen/Maolsen/labs/lab2/index.php:45
[05-Sep-2017 18:39:19 UTC] PHP  19. printout() /home/ubuntu/workspace/Maolsen/Maolsen/labs/lab2/index.php:45
[05-Sep-2017 18:39:19 UTC] PHP  20. printout() /home/ubuntu/workspace/Maolsen/Maolsen/labs/lab2/index.php:45
[05-Sep-2017 18:39:19 UTC] PHP  21. printout() /home/ubuntu/workspace/Maolsen/Maolsen/labs/lab2/index.php:45
[05-Sep-2017 18:39:19 UTC] PHP  22. printout() /home/ubuntu/workspace/Maolsen/Maolsen/labs/lab2/index.php:45
[05-Sep-2017 18:39:19 UTC] PHP  23. printout() /home/ubuntu/workspace/Maolsen/Maolsen/labs/lab2/index.php:45
[05-Sep-2017 18:39:19 UTC] PHP  24. printout() /home/ubuntu/workspace/Maolsen/Maolsen/labs/lab2/index.php:45
[05-Sep-2017 18:39:19 UTC] PHP  25. printout() /home/ubuntu/workspace/Maolsen/Maolsen/labs/lab2/index.php:45
[05-Sep-2017 18:39:19 UTC] PHP  26. printout() /home/ubuntu/workspace/Maolsen/Maolsen/labs/lab2/index.php:45
[05-Sep-2017 18:39:19 UTC] PHP  27. printout() /home/ubuntu/workspace/Maolsen/Maolsen/labs/lab2/index.php:45
[05-Sep-2017 18:39:19 UTC] PHP  28. printout() /home/ubuntu/workspace/Maolsen/Maolsen/labs/lab2/index.php:45
[05-Sep-2017 18:39:19 UTC] PHP  29. printout() /home/ubuntu/workspace/Maolsen/Maolsen/labs/lab2/index.php:45
[05-Sep-2017 18:39:19 UTC] PHP  30. printout() /home/ubuntu/workspace/Maolsen/Maolsen/labs/lab2/index.php:45
[05-Sep-2017 18:39:19 UTC] PHP  31. printout() /home/ubuntu/workspace/Maolsen/Maolsen/labs/lab2/index.php:45
[05-Sep-2017 18:39:19 UTC] PHP  32. printout() /home/ubuntu/workspace/Maolsen/Maolsen/labs/lab2/index.php:45
[05-Sep-2017 18:39:19 UTC] PHP  33. printout() /home/ubuntu/workspace/Maolsen/Maolsen/labs/lab2/index.php:45
[05-Sep-2017 18:39:19 UTC] PHP  34. printout() /home/ubuntu/workspace/Maolsen/Maolsen/labs/lab2/index.php:45
[05-Sep-2017 18:39:19 UTC] PHP  35. printout() /home/ubuntu/workspace/Maolsen/Maolsen/labs/lab2/index.php:45
[05-Sep-2017 18:39:19 UTC] PHP  36. printout() /home/ubuntu/workspace/Maolsen/Maolsen/labs/lab2/index.php:45
[05-Sep-2017 18:39:19 UTC] PHP  37. printout() /home/ubuntu/workspace/Maolsen/Maolsen/labs/lab2/index.php:45
[05-Sep-2017 18:39:19 UTC] PHP  38. printout() /home/ubuntu/workspace/Maolsen/Maolsen/labs/lab2/index.php:45
[05-Sep-2017 18:39:19 UTC] PHP  39. printout() /home/ubuntu/workspace/Maolsen/Maolsen/labs/lab2/index.php:45
[05-Sep-2017 18:39:19 UTC] PHP  40. printout() /home/ubuntu/workspace/Maolsen/Maolsen/labs/lab2/index.php:45
[05-Sep-2017 18:39:19 UTC] PHP  41. printout() /home/ubuntu/workspace/Maolsen/Maolsen/labs/lab2/index.php:45
[05-Sep-2017 18:39:19 UTC] PHP  42. printout() /home/ubuntu/workspace/Maolsen/Maolsen/labs/lab2/index.php:45
[05-Sep-2017 18:39:19 UTC] PHP  43. printout() /home/ubuntu/workspace/Maolsen/Maolsen/labs/lab2/index.php:45
[05-Sep-2017 18:39:19 UTC] PHP  44. printout() /home/ubuntu/workspace/Maolsen/Maolsen/labs/lab2/index.php:45
[05-Sep-2017 18:39:19 UTC] PHP  45. printout() /home/ubuntu/workspace/Maolsen/Maolsen/labs/lab2/index.php:45
[05-Sep-2017 18:39:19 UTC] PHP  46. printout() /home/ubuntu/workspace/Maolsen/Maolsen/labs/lab2/index.php:45
[05-Sep-2017 18:39:19 UTC] PHP  47. printout() /home/ubuntu/workspace/Maolsen/Maolsen/labs/lab2/index.php:45
[05-Sep-2017 18:39:19 UTC] PHP  48. printout() /home/ubuntu/workspace/Maolsen/Maolsen/labs/lab2/index.php:45
[05-Sep-2017 18:39:19 UTC] PHP  49. printout() /home/ubuntu/workspace/Maolsen/Maolsen/labs/lab2/index.php:45
[05-Sep-2017 18:39:19 UTC] PHP  50. printout() /home/ubuntu/workspace/Maolsen/Maolsen/labs/lab2/index.php:45
[05-Sep-2017 18:39:19 UTC] PHP  51. printout() /home/ubuntu/workspace/Maolsen/Maolsen/labs/lab2/index.php:45
[05-Sep-2017 18:39:19 UTC] PHP  52. printout() /home/ubuntu/workspace/Maolsen/Maolsen/labs/lab2/index.php:45
[05-Sep-2017 18:39:19 UTC] PHP  53. printout() /home/ubuntu/workspace/Maolsen/Maolsen/labs/lab2/index.php:45
[05-Sep-2017 18:39:19 UTC] PHP  54. printout() /home/ubuntu/workspace/Maolsen/Maolsen/labs/lab2/index.php:45
[05-Sep-2017 18:39:19 UTC] PHP  55. printout() /home/ubuntu/workspace/Maolsen/Maolsen/labs/lab2/index.php:45
[05-Sep-2017 18:39:19 UTC] PHP  56. printout() /home/ubuntu/workspace/Maolsen/Maolsen/labs/lab2/index.php:45
[05-Sep-2017 18:39:19 UTC] PHP  57. printout() /home/ubuntu/workspace/Maolsen/Maolsen/labs/lab2/index.php:45
[05-Sep-2017 18:39:19 UTC] PHP  58. printout() /home/ubuntu/workspace/Maolsen/Maolsen/labs/lab2/index.php:45
[05-Sep-2017 18:39:19 UTC] PHP  59. printout() /home/ubuntu/workspace/Maolsen/Maolsen/labs/lab2/index.php:45
[05-Sep-2017 18:39:19 UTC] PHP  60. printout() /home/ubuntu/workspace/Maolsen/Maolsen/labs/lab2/index.php:45
[05-Sep-2017 18:39:19 UTC] PHP  61. printout() /home/ubuntu/workspace/Maolsen/Maolsen/labs/lab2/index.php:45
[05-Sep-2017 18:39:19 UTC] PHP  62. printout() /home/ubuntu/workspace/Maolsen/Maolsen/labs/lab2/index.php:45
[05-Sep-2017 18:39:19 UTC] PHP  63. printout() /home/ubuntu/workspace/Maolsen/Maolsen/labs/lab2/index.php:45
[05-Sep-2017 18:39:19 UTC] PHP  64. printout() /home/ubuntu/workspace/Maolsen/Maolsen/labs/lab2/index.php:45
[05-Sep-2017 18:39:19 UTC] PHP  65. printout() /home/ubuntu/workspace/Maolsen/Maolsen/labs/lab2/index.php:45
[05-Sep-2017 18:39:19 UTC] PHP  66. printout() /home/ubuntu/workspace/Maolsen/Maolsen/labs/lab2/index.php:45
[05-Sep-2017 18:39:19 UTC] PHP  67. printout() /home/ubuntu/workspace/Maolsen/Maolsen/labs/lab2/index.php:45
[05-Sep-2017 18:39:19 UTC] PHP  68. printout() /home/ubuntu/workspace/Maolsen/Maolsen/labs/lab2/index.php:45
[05-Sep-2017 18:39:19 UTC] PHP  69. printout() /home/ubuntu/workspace/Maolsen/Maolsen/labs/lab2/index.php:45
[05-Sep-2017 18:39:19 UTC] PHP  70. printout() /home/ubuntu/workspace/Maolsen/Maolsen/labs/lab2/index.php:45
[05-Sep-2017 18:39:19 UTC] PHP  71. printout() /home/ubuntu/workspace/Maolsen/Maolsen/labs/lab2/index.php:45
[05-Sep-2017 18:39:19 UTC] PHP  72. printout() /home/ubuntu/workspace/Maolsen/Maolsen/labs/lab2/index.php:45
[05-Sep-2017 18:39:19 UTC] PHP  73. printout() /home/ubuntu/workspace/Maolsen/Maolsen/labs/lab2/index.php:45
[05-Sep-2017 18:39:19 UTC] PHP  74. printout() /home/ubuntu/workspace/Maolsen/Maolsen/labs/lab2/index.php:45
[05-Sep-2017 18:39:19 UTC] PHP  75. printout() /home/ubuntu/workspace/Maolsen/Maolsen/labs/lab2/index.php:45
[05-Sep-2017 18:39:19 UTC] PHP  76. printout() /home/ubuntu/workspace/Maolsen/Maolsen/labs/lab2/index.php:45
[05-Sep-2017 18:39:19 UTC] PHP  77. printout() /home/ubuntu/workspace/Maolsen/Maolsen/labs/lab2/index.php:45
[05-Sep-2017 18:39:19 UTC] PHP  78. printout() /home/ubuntu/workspace/Maolsen/Maolsen/labs/lab2/index.php:45
[05-Sep-2017 18:39:19 UTC] PHP  79. printout() /home/ubuntu/workspace/Maolsen/Maolsen/labs/lab2/index.php:45
[05-Sep-2017 18:39:19 UTC] PHP  80. printout() /home/ubuntu/workspace/Maolsen/Maolsen/labs/lab2/index.php:45
[05-Sep-2017 18:39:19 UTC] PHP  81. printout() /home/ubuntu/workspace/Maolsen/Maolsen/labs/lab2/index.php:45
[05-Sep-2017 18:39:19 UTC] PHP  82. printout() /home/ubuntu/workspace/Maolsen/Maolsen/labs/lab2/index.php:45
[05-Sep-2017 18:39:19 UTC] PHP  83. printout() /home/ubuntu/workspace/Maolsen/Maolsen/labs/lab2/index.php:45
[05-Sep-2017 18:39:19 UTC] PHP  84. printout() /home/ubuntu/workspace/Maolsen/Maolsen/labs/lab2/index.php:45
[05-Sep-2017 18:39:19 UTC] PHP  85. printout() /home/ubuntu/workspace/Maolsen/Maolsen/labs/lab2/index.php:45
[05-Sep-2017 18:39:19 UTC] PHP  86. printout() /home/ubuntu/workspace/Maolsen/Maolsen/labs/lab2/index.php:45
[05-Sep-2017 18:39:19 UTC] PHP  87. printout() /home/ubuntu/workspace/Maolsen/Maolsen/labs/lab2/index.php:45
[05-Sep-2017 18:39:19 UTC] PHP  88. printout() /home/ubuntu/workspace/Maolsen/Maolsen/labs/lab2/index.php:45
[05-Sep-2017 18:39:19 UTC] PHP  89. printout() /home/ubuntu/workspace/Maolsen/Maolsen/labs/lab2/index.php:45
[05-Sep-2017 18:39:19 UTC] PHP  90. printout() /home/ubuntu/workspace/Maolsen/Maolsen/labs/lab2/index.php:45
[05-Sep-2017 18:39:19 UTC] PHP  91. printout() /home/ubuntu/workspace/Maolsen/Maolsen/labs/lab2/index.php:45
[05-Sep-2017 18:39:19 UTC] PHP  92. printout() /home/ubuntu/workspace/Maolsen/Maolsen/labs/lab2/index.php:45
[05-Sep-2017 18:39:19 UTC] PHP  93. printout() /home/ubuntu/workspace/Maolsen/Maolsen/labs/lab2/index.php:45
[05-Sep-2017 18:39:19 UTC] PHP  94. printout() /home/ubuntu/workspace/Maolsen/Maolsen/labs/lab2/index.php:45
[05-Sep-2017 18:39:19 UTC] PHP  95. printout() /home/ubuntu/workspace/Maolsen/Maolsen/labs/lab2/index.php:45
[05-Sep-2017 18:39:19 UTC] PHP  96. printout() /home/ubuntu/workspace/Maolsen/Maolsen/labs/lab2/index.php:45
[05-Sep-2017 18:39:19 UTC] PHP  97. printout() /home/ubuntu/workspace/Maolsen/Maolsen/labs/lab2/index.php:45
[05-Sep-2017 18:39:19 UTC] PHP  98. printout() /home/ubuntu/workspace/Maolsen/Maolsen/labs/lab2/index.php:45
[05-Sep-2017 18:39:19 UTC] PHP  99. printout() /home/ubuntu/workspace/Maolsen/Maolsen/labs/lab2/index.php:45
[05-Sep-2017 18:39:19 UTC] PHP 100. printout() /home/ubuntu/workspace/Maolsen/Maolsen/labs/lab2/index.php:45
[05-Sep-2017 18:39:19 UTC] PHP 101. printout() /home/ubuntu/workspace/Maolsen/Maolsen/labs/lab2/index.php:45
[05-Sep-2017 18:39:19 UTC] PHP 102. printout() /home/ubuntu/workspace/Maolsen/Maolsen/labs/lab2/index.php:45
[05-Sep-2017 18:39:19 UTC] PHP 103. printout() /home/ubuntu/workspace/Maolsen/Maolsen/labs/lab2/index.php:45
[05-Sep-2017 18:39:19 UTC] PHP 104. printout() /home/ubuntu/workspace/Maolsen/Maolsen/labs/lab2/index.php:45
[05-Sep-2017 18:39:19 UTC] PHP 105. printout() /home/ubuntu/workspace/Maolsen/Maolsen/labs/lab2/index.php:45
[05-Sep-2017 18:39:19 UTC] PHP 106. printout() /home/ubuntu/workspace/Maolsen/Maolsen/labs/lab2/index.php:45
[05-Sep-2017 18:39:19 UTC] PHP 107. printout() /home/ubuntu/workspace/Maolsen/Maolsen/labs/lab2/index.php:45
[05-Sep-2017 18:39:19 UTC] PHP 108. printout() /home/ubuntu/workspace/Maolsen/Maolsen/labs/lab2/index.php:45
[05-Sep-2017 18:39:19 UTC] PHP 109. printout() /home/ubuntu/workspace/Maolsen/Maolsen/labs/lab2/index.php:45
[05-Sep-2017 18:39:19 UTC] PHP 110. printout() /home/ubuntu/workspace/Maolsen/Maolsen/labs/lab2/index.php:45
[05-Sep-2017 18:39:19 UTC] PHP 111. printout() /home/ubuntu/workspace/Maolsen/Maolsen/labs/lab2/index.php:45
[05-Sep-2017 18:39:19 UTC] PHP 112. printout() /home/ubuntu/workspace/Maolsen/Maolsen/labs/lab2/index.php:45
[05-Sep-2017 18:39:19 UTC] PHP 113. printout() /home/ubuntu/workspace/Maolsen/Maolsen/labs/lab2/index.php:45
[05-Sep-2017 18:39:19 UTC] PHP 114. printout() /home/ubuntu/workspace/Maolsen/Maolsen/labs/lab2/index.php:45
[05-Sep-2017 18:39:19 UTC] PHP 115. printout() /home/ubuntu/workspace/Maolsen/Maolsen/labs/lab2/index.php:45
[05-Sep-2017 18:39:19 UTC] PHP 116. printout() /home/ubuntu/workspace/Maolsen/Maolsen/labs/lab2/index.php:45
[05-Sep-2017 18:39:19 UTC] PHP 117. printout() /home/ubuntu/workspace/Maolsen/Maolsen/labs/lab2/index.php:45
[05-Sep-2017 18:39:19 UTC] PHP 118. printout() /home/ubuntu/workspace/Maolsen/Maolsen/labs/lab2/index.php:45
[05-Sep-2017 18:39:19 UTC] PHP 119. printout() /home/ubuntu/workspace/Maolsen/Maolsen/labs/lab2/index.php:45
[05-Sep-2017 18:39:19 UTC] PHP 120. printout() /home/ubuntu/workspace/Maolsen/Maolsen/labs/lab2/index.php:45
[05-Sep-2017 18:39:19 UTC] PHP 121. printout() /home/ubuntu/workspace/Maolsen/Maolsen/labs/lab2/index.php:45
[05-Sep-2017 18:39:19 UTC] PHP 122. printout() /home/ubuntu/workspace/Maolsen/Maolsen/labs/lab2/index.php:45
[05-Sep-2017 18:39:19 UTC] PHP 123. printout() /home/ubuntu/workspace/Maolsen/Maolsen/labs/lab2/index.php:45
[05-Sep-2017 18:39:19 UTC] PHP 124. printout() /home/ubuntu/workspace/Maolsen/Maolsen/labs/lab2/index.php:45
[05-Sep-2017 18:39:19 UTC] PHP 125. printout() /home/ubuntu/workspace/Maolsen/Maolsen/labs/lab2/index.php:45
[05-Sep-2017 18:39:19 UTC] PHP 126. printout() /home/ubuntu/workspace/Maolsen/Maolsen/labs/lab2/index.php:45
[05-Sep-2017 18:39:19 UTC] PHP 127. printout() /home/ubuntu/workspace/Maolsen/Maolsen/labs/lab2/index.php:45
[05-Sep-2017 18:39:19 UTC] PHP 128. printout() /home/ubuntu/workspace/Maolsen/Maolsen/labs/lab2/index.php:45
[05-Sep-2017 18:39:19 UTC] PHP 129. printout() /home/ubuntu/workspace/Maolsen/Maolsen/labs/lab2/index.php:45
[05-Sep-2017 18:39:19 UTC] PHP 130. printout() /home/ubuntu/workspace/Maolsen/Maolsen/labs/lab2/index.php:45
[05-Sep-2017 18:39:19 UTC] PHP 131. printout() /home/ubuntu/workspace/Maolsen/Maolsen/labs/lab2/index.php:45
[05-Sep-2017 18:39:19 UTC] PHP 132. printout() /home/ubuntu/workspace/Maolsen/Maolsen/labs/lab2/index.php:45
[05-Sep-2017 18:39:19 UTC] PHP 133. printout() /home/ubuntu/workspace/Maolsen/Maolsen/labs/lab2/index.php:45
[05-Sep-2017 18:39:19 UTC] PHP 134. printout() /home/ubuntu/workspace/Maolsen/Maolsen/labs/lab2/index.php:45
[05-Sep-2017 18:39:19 UTC] PHP 135. printout() /home/ubuntu/workspace/Maolsen/Maolsen/labs/lab2/index.php:45
[05-Sep-2017 18:39:19 UTC] PHP 136. printout() /home/ubuntu/workspace/Maolsen/Maolsen/labs/lab2/index.php:45
[05-Sep-2017 18:39:19 UTC] PHP 137. printout() /home/ubuntu/workspace/Maolsen/Maolsen/labs/lab2/index.php:45
[05-Sep-2017 18:39:19 UTC] PHP 138. printout() /home/ubuntu/workspace/Maolsen/Maolsen/labs/lab2/index.php:45
[05-Sep-2017 18:39:19 UTC] PHP 139. printout() /home/ubuntu/workspace/Maolsen/Maolsen/labs/lab2/index.php:45
[05-Sep-2017 18:39:19 UTC] PHP 140. printout() /home/ubuntu/workspace/Maolsen/Maolsen/labs/lab2/index.php:45
[05-Sep-2017 18:39:19 UTC] PHP 141. printout() /home/ubuntu/workspace/Maolsen/Maolsen/labs/lab2/index.php:45
[05-Sep-2017 18:39:19 UTC] PHP 142. printout() /home/ubuntu/workspace/Maolsen/Maolsen/labs/lab2/index.php:45
[05-Sep-2017 18:39:19 UTC] PHP 143. printout() /home/ubuntu/workspace/Maolsen/Maolsen/labs/lab2/index.php:45
[05-Sep-2017 18:39:19 UTC] PHP 144. printout() /home/ubuntu/workspace/Maolsen/Maolsen/labs/lab2/index.php:45
[05-Sep-2017 18:39:19 UTC] PHP 145. printout() /home/ubuntu/workspace/Maolsen/Maolsen/labs/lab2/index.php:45
[05-Sep-2017 18:39:19 UTC] PHP 146. printout() /home/ubuntu/workspace/Maolsen/Maolsen/labs/lab2/index.php:45
[05-Sep-2017 18:39:19 UTC] PHP 147. printout() /home/ubuntu/workspace/Maolsen/Maolsen/labs/lab2/index.php:45
[05-Sep-2017 18:39:19 UTC] PHP 148. printout() /home/ubuntu/workspace/Maolsen/Maolsen/labs/lab2/index.php:45
[05-Sep-2017 18:39:19 UTC] PHP 149. printout() /home/ubuntu/workspace/Maolsen/Maolsen/labs/lab2/index.php:45
[05-Sep-2017 18:39:19 UTC] PHP 150. printout() /home/ubuntu/workspace/Maolsen/Maolsen/labs/lab2/index.php:45
[05-Sep-2017 18:39:19 UTC] PHP 151. printout() /home/ubuntu/workspace/Maolsen/Maolsen/labs/lab2/index.php:45
[05-Sep-2017 18:39:19 UTC] PHP 152. printout() /home/ubuntu/workspace/Maolsen/Maolsen/labs/lab2/index.php:45
[05-Sep-2017 18:39:19 UTC] PHP 153. printout() /home/ubuntu/workspace/Maolsen/Maolsen/labs/lab2/index.php:45
[05-Sep-2017 18:39:19 UTC] PHP 154. printout() /home/ubuntu/workspace/Maolsen/Maolsen/labs/lab2/index.php:45
[05-Sep-2017 18:39:19 UTC] PHP 155. printout() /home/ubuntu/workspace/Maolsen/Maolsen/labs/lab2/index.php:45
[05-Sep-2017 18:39:19 UTC] PHP 156. printout() /home/ubuntu/workspace/Maolsen/Maolsen/labs/lab2/index.php:45
[05-Sep-2017 18:39:19 UTC] PHP 157. printout() /home/ubuntu/workspace/Maolsen/Maolsen/labs/lab2/index.php:45
[05-Sep-2017 18:39:19 UTC] PHP 158. printout() /home/ubuntu/workspace/Maolsen/Maolsen/labs/lab2/index.php:45
[05-Sep-2017 18:39:19 UTC] PHP 159. printout() /home/ubuntu/workspace/Maolsen/Maolsen/labs/lab2/index.php:45
[05-Sep-2017 18:39:19 UTC] PHP 160. printout() /home/ubuntu/workspace/Maolsen/Maolsen/labs/lab2/index.php:45
[05-Sep-2017 18:39:19 UTC] PHP 161. printout() /home/ubuntu/workspace/Maolsen/Maolsen/labs/lab2/index.php:45
[05-Sep-2017 18:39:19 UTC] PHP 162. printout() /home/ubuntu/workspace/Maolsen/Maolsen/labs/lab2/index.php:45
[05-Sep-2017 18:39:19 UTC] PHP 163. printout() /home/ubuntu/workspace/Maolsen/Maolsen/labs/lab2/index.php:45
[05-Sep-2017 18:39:19 UTC] PHP 164. printout() /home/ubuntu/workspace/Maolsen/Maolsen/labs/lab2/index.php:45
[05-Sep-2017 18:39:19 UTC] PHP 165. printout() /home/ubuntu/workspace/Maolsen/Maolsen/labs/lab2/index.php:45
[05-Sep-2017 18:39:19 UTC] PHP 166. printout() /home/ubuntu/workspace/Maolsen/Maolsen/labs/lab2/index.php:45
[05-Sep-2017 18:39:19 UTC] PHP 167. printout() /home/ubuntu/workspace/Maolsen/Maolsen/labs/lab2/index.php:45
[05-Sep-2017 18:39:19 UTC] PHP 168. printout() /home/ubuntu/workspace/Maolsen/Maolsen/labs/lab2/index.php:45
[05-Sep-2017 18:39:19 UTC] PHP 169. printout() /home/ubuntu/workspace/Maolsen/Maolsen/labs/lab2/index.php:45
[05-Sep-2017 18:39:19 UTC] PHP 170. printout() /home/ubuntu/workspace/Maolsen/Maolsen/labs/lab2/index.php:45
[05-Sep-2017 18:39:19 UTC] PHP 171. printout() /home/ubuntu/workspace/Maolsen/Maolsen/labs/lab2/index.php:45
[05-Sep-2017 18:39:19 UTC] PHP 172. printout() /home/ubuntu/workspace/Maolsen/Maolsen/labs/lab2/index.php:45
[05-Sep-2017 18:39:19 UTC] PHP 173. printout() /home/ubuntu/workspace/Maolsen/Maolsen/labs/lab2/index.php:45
[05-Sep-2017 18:39:19 UTC] PHP 174. printout() /home/ubuntu/workspace/Maolsen/Maolsen/labs/lab2/index.php:45
[05-Sep-2017 18:39:19 UTC] PHP 175. printout() /home/ubuntu/workspace/Maolsen/Maolsen/labs/lab2/index.php:45
[05-Sep-2017 18:39:19 UTC] PHP 176. printout() /home/ubuntu/workspace/Maolsen/Maolsen/labs/lab2/index.php:45
[05-Sep-2017 18:39:19 UTC] PHP 177. printout() /home/ubuntu/workspace/Maolsen/Maolsen/labs/lab2/index.php:45
[05-Sep-2017 18:39:19 UTC] PHP 178. printout() /home/ubuntu/workspace/Maolsen/Maolsen/labs/lab2/index.php:45
[05-Sep-2017 18:39:19 UTC] PHP 179. printout() /home/ubuntu/workspace/Maolsen/Maolsen/labs/lab2/index.php:45
[05-Sep-2017 18:39:19 UTC] PHP 180. printout() /home/ubuntu/workspace/Maolsen/Maolsen/labs/lab2/index.php:45
[05-Sep-2017 18:39:19 UTC] PHP 181. printout() /home/ubuntu/workspace/Maolsen/Maolsen/labs/lab2/index.php:45
[05-Sep-2017 18:39:19 UTC] PHP 182. printout() /home/ubuntu/workspace/Maolsen/Maolsen/labs/lab2/index.php:45
[05-Sep-2017 18:39:19 UTC] PHP 183. printout() /home/ubuntu/workspace/Maolsen/Maolsen/labs/lab2/index.php:45
[05-Sep-2017 18:39:19 UTC] PHP 184. printout() /home/ubuntu/workspace/Maolsen/Maolsen/labs/lab2/index.php:45
[05-Sep-2017 18:39:19 UTC] PHP 185. printout() /home/ubuntu/workspace/Maolsen/Maolsen/labs/lab2/index.php:45
[05-Sep-2017 18:39:19 UTC] PHP 186. printout() /home/ubuntu/workspace/Maolsen/Maolsen/labs/lab2/index.php:45
[05-Sep-2017 18:39:19 UTC] PHP 187. printout() /home/ubuntu/workspace/Maolsen/Maolsen/labs/lab2/index.php:45
[05-Sep-2017 18:39:19 UTC] PHP 188. printout() /home/ubuntu/workspace/Maolsen/Maolsen/labs/lab2/index.php:45
[05-Sep-2017 18:39:19 UTC] PHP 189. printout() /home/ubuntu/workspace/Maolsen/Maolsen/labs/lab2/index.php:45
[05-Sep-2017 18:39:19 UTC] PHP 190. printout() /home/ubuntu/workspace/Maolsen/Maolsen/labs/lab2/index.php:45
[05-Sep-2017 18:39:19 UTC] PHP 191. printout() /home/ubuntu/workspace/Maolsen/Maolsen/labs/lab2/index.php:45
[05-Sep-2017 18:39:19 UTC] PHP 192. printout() /home/ubuntu/workspace/Maolsen/Maolsen/labs/lab2/index.php:45
[05-Sep-2017 18:39:19 UTC] PHP 193. printout() /home/ubuntu/workspace/Maolsen/Maolsen/labs/lab2/index.php:45
[05-Sep-2017 18:39:19 UTC] PHP 194. printout() /home/ubuntu/workspace/Maolsen/Maolsen/labs/lab2/index.php:45
[05-Sep-2017 18:39:19 UTC] PHP 195. printout() /home/ubuntu/workspace/Maolsen/Maolsen/labs/lab2/index.php:45
[05-Sep-2017 18:39:19 UTC] PHP 196. printout() /home/ubuntu/workspace/Maolsen/Maolsen/labs/lab2/index.php:45
[05-Sep-2017 18:39:19 UTC] PHP 197. printout() /home/ubuntu/workspace/Maolsen/Maolsen/labs/lab2/index.php:45
[05-Sep-2017 18:39:19 UTC] PHP 198. printout() /home/ubuntu/workspace/Maolsen/Maolsen/labs/lab2/index.php:45
[05-Sep-2017 18:39:19 UTC] PHP 199. printout() /home/ubuntu/workspace/Maolsen/Maolsen/labs/lab2/index.php:45
[05-Sep-2017 18:39:19 UTC] PHP 200. printout() /home/ubuntu/workspace/Maolsen/Maolsen/labs/lab2/index.php:45
[05-Sep-2017 18:39:19 UTC] PHP 201. printout() /home/ubuntu/workspace/Maolsen/Maolsen/labs/lab2/index.php:45
[05-Sep-2017 18:39:19 UTC] PHP 202. printout() /home/ubuntu/workspace/Maolsen/Maolsen/labs/lab2/index.php:45
[05-Sep-2017 18:39:19 UTC] PHP 203. printout() /home/ubuntu/workspace/Maolsen/Maolsen/labs/lab2/index.php:45
[05-Sep-2017 18:39:19 UTC] PHP 204. printout() /home/ubuntu/workspace/Maolsen/Maolsen/labs/lab2/index.php:45
[05-Sep-2017 18:39:19 UTC] PHP 205. printout() /home/ubuntu/workspace/Maolsen/Maolsen/labs/lab2/index.php:45
[05-Sep-2017 18:39:19 UTC] PHP 206. printout() /home/ubuntu/workspace/Maolsen/Maolsen/labs/lab2/index.php:45
[05-Sep-2017 18:39:19 UTC] PHP 207. printout() /home/ubuntu/workspace/Maolsen/Maolsen/labs/lab2/index.php:45
[05-Sep-2017 18:39:19 UTC] PHP 208. printout() /home/ubuntu/workspace/Maolsen/Maolsen/labs/lab2/index.php:45
[05-Sep-2017 18:39:19 UTC] PHP 209. printout() /home/ubuntu/workspace/Maolsen/Maolsen/labs/lab2/index.php:45
[05-Sep-2017 18:39:19 UTC] PHP 210. printout() /home/ubuntu/workspace/Maolsen/Maolsen/labs/lab2/index.php:45
[05-Sep-2017 18:39:19 UTC] PHP 211. printout() /home/ubuntu/workspace/Maolsen/Maolsen/labs/lab2/index.php:45
[05-Sep-2017 18:39:19 UTC] PHP 212. printout() /home/ubuntu/workspace/Maolsen/Maolsen/labs/lab2/index.php:45
[05-Sep-2017 18:39:19 UTC] PHP 213. printout() /home/ubuntu/workspace/Maolsen/Maolsen/labs/lab2/index.php:45
[05-Sep-2017 18:39:19 UTC] PHP 214. printout() /home/ubuntu/workspace/Maolsen/Maolsen/labs/lab2/index.php:45
[05-Sep-2017 18:39:19 UTC] PHP 215. printout() /home/ubuntu/workspace/Maolsen/Maolsen/labs/lab2/index.php:45
[05-Sep-2017 18:39:19 UTC] PHP 216. printout() /home/ubuntu/workspace/Maolsen/Maolsen/labs/lab2/index.php:45
[05-Sep-2017 18:39:19 UTC] PHP 217. printout() /home/ubuntu/workspace/Maolsen/Maolsen/labs/lab2/index.php:45
[05-Sep-2017 18:39:19 UTC] PHP 218. printout() /home/ubuntu/workspace/Maolsen/Maolsen/labs/lab2/index.php:45
[05-Sep-2017 18:39:19 UTC] PHP 219. printout() /home/ubuntu/workspace/Maolsen/Maolsen/labs/lab2/index.php:45
[05-Sep-2017 18:39:19 UTC] PHP 220. printout() /home/ubuntu/workspace/Maolsen/Maolsen/labs/lab2/index.php:45
[05-Sep-2017 18:39:19 UTC] PHP 221. printout() /home/ubuntu/workspace/Maolsen/Maolsen/labs/lab2/index.php:45
[05-Sep-2017 18:39:19 UTC] PHP 222. printout() /home/ubuntu/workspace/Maolsen/Maolsen/labs/lab2/index.php:45
[05-Sep-2017 18:39:19 UTC] PHP 223. printout() /home/ubuntu/workspace/Maolsen/Maolsen/labs/lab2/index.php:45
[05-Sep-2017 18:39:19 UTC] PHP 224. printout() /home/ubuntu/workspace/Maolsen/Maolsen/labs/lab2/index.php:45
[05-Sep-2017 18:39:19 UTC] PHP 225. printout() /home/ubuntu/workspace/Maolsen/Maolsen/labs/lab2/index.php:45
[05-Sep-2017 18:39:19 UTC] PHP 226. printout() /home/ubuntu/workspace/Maolsen/Maolsen/labs/lab2/index.php:45
[05-Sep-2017 18:39:19 UTC] PHP 227. printout() /home/ubuntu/workspace/Maolsen/Maolsen/labs/lab2/index.php:45
[05-Sep-2017 18:39:19 UTC] PHP 228. printout() /home/ubuntu/workspace/Maolsen/Maolsen/labs/lab2/index.php:45
[05-Sep-2017 18:39:19 UTC] PHP 229. printout() /home/ubuntu/workspace/Maolsen/Maolsen/labs/lab2/index.php:45
[05-Sep-2017 18:39:19 UTC] PHP 230. printout() /home/ubuntu/workspace/Maolsen/Maolsen/labs/lab2/index.php:45
[05-Sep-2017 18:39:19 UTC] PHP 231. printout() /home/ubuntu/workspace/Maolsen/Maolsen/labs/lab2/index.php:45
[05-Sep-2017 18:39:19 UTC] PHP 232. printout() /home/ubuntu/workspace/Maolsen/Maolsen/labs/lab2/index.php:45
[05-Sep-2017 18:39:19 UTC] PHP 233. printout() /home/ubuntu/workspace/Maolsen/Maolsen/labs/lab2/index.php:45
[05-Sep-2017 18:39:19 UTC] PHP 234. printout() /home/ubuntu/workspace/Maolsen/Maolsen/labs/lab2/index.php:45
[05-Sep-2017 18:39:19 UTC] PHP 235. printout() /home/ubuntu/workspace/Maolsen/Maolsen/labs/lab2/index.php:45
[05-Sep-2017 18:39:19 UTC] PHP 236. printout() /home/ubuntu/workspace/Maolsen/Maolsen/labs/lab2/index.php:45
[05-Sep-2017 18:39:19 UTC] PHP 237. printout() /home/ubuntu/workspace/Maolsen/Maolsen/labs/lab2/index.php:45
[05-Sep-2017 18:39:19 UTC] PHP 238. printout() /home/ubuntu/workspace/Maolsen/Maolsen/labs/lab2/index.php:45
[05-Sep-2017 18:39:19 UTC] PHP 239. printout() /home/ubuntu/workspace/Maolsen/Maolsen/labs/lab2/index.php:45
[05-Sep-2017 18:39:19 UTC] PHP 240. printout() /home/ubuntu/workspace/Maolsen/Maolsen/labs/lab2/index.php:45
[05-Sep-2017 18:39:19 UTC] PHP 241. printout() /home/ubuntu/workspace/Maolsen/Maolsen/labs/lab2/index.php:45
[05-Sep-2017 18:39:19 UTC] PHP 242. printout() /home/ubuntu/workspace/Maolsen/Maolsen/labs/lab2/index.php:45
[05-Sep-2017 18:39:19 UTC] PHP 243. printout() /home/ubuntu/workspace/Maolsen/Maolsen/labs/lab2/index.php:45
[05-Sep-2017 18:39:19 UTC] PHP 244. printout() /home/ubuntu/workspace/Maolsen/Maolsen/labs/lab2/index.php:45
[05-Sep-2017 18:39:19 UTC] PHP 245. printout() /home/ubuntu/workspace/Maolsen/Maolsen/labs/lab2/index.php:45
[05-Sep-2017 18:39:19 UTC] PHP 246. printout() /home/ubuntu/workspace/Maolsen/Maolsen/labs/lab2/index.php:45
[05-Sep-2017 18:39:19 UTC] PHP 247. printout() /home/ubuntu/workspace/Maolsen/Maolsen/labs/lab2/index.php:45
[05-Sep-2017 18:39:19 UTC] PHP 248. printout() /home/ubuntu/workspace/Maolsen/Maolsen/labs/lab2/index.php:45
[05-Sep-2017 18:39:19 UTC] PHP 249. printout() /home/ubuntu/workspace/Maolsen/Maolsen/labs/lab2/index.php:45
[05-Sep-2017 18:39:19 UTC] PHP 250. printout() /home/ubuntu/workspace/Maolsen/Maolsen/labs/lab2/index.php:45
[05-Sep-2017 18:39:19 UTC] PHP 251. printout() /home/ubuntu/workspace/Maolsen/Maolsen/labs/lab2/index.php:45
[05-Sep-2017 18:39:19 UTC] PHP 252. printout() /home/ubuntu/workspace/Maolsen/Maolsen/labs/lab2/index.php:45
[05-Sep-2017 18:39:19 UTC] PHP 253. printout() /home/ubuntu/workspace/Maolsen/Maolsen/labs/lab2/index.php:45
[05-Sep-2017 18:39:19 UTC] PHP 254. printout() /home/ubuntu/workspace/Maolsen/Maolsen/labs/lab2/index.php:45
[05-Sep-2017 18:39:19 UTC] PHP 255. printout() /home/ubuntu/workspace/Maolsen/Maolsen/labs/lab2/index.php:45
[05-Sep-2017 18:39:19 UTC] PHP 256. printout() /home/ubuntu/workspace/Maolsen/Maolsen/labs/lab2/index.php:45
[05-Sep-2017 18:44:08 UTC] PHP Parse error:  syntax error, unexpected end of file in /home/ubuntu/workspace/Maolsen/Maolsen/labs/lab2/index.php on line 63
[07-Sep-2017 18:20:06 UTC] PHP Parse error:  syntax error, unexpected ')' in /home/ubuntu/workspace/Maolsen/Maolsen/labs/lab2/index.php on line 32
[23-Sep-2017 05:55:24 UTC] PHP Parse error:  syntax error, unexpected 'echo' (T_ECHO), expecting ',' or ';' in /home/ubuntu/workspace/Maolsen/Maolsen/labs/lab3/index.php on line 14
[23-Sep-2017 06:28:44 UTC] PHP Warning:  Missing argument 1 for displayHand(), called in /home/ubuntu/workspace/Maolsen/Maolsen/labs/lab3/index.php on line 39 and defined in /home/ubuntu/workspace/Maolsen/Maolsen/labs/lab3/index.php on line 16
[23-Sep-2017 06:28:44 UTC] PHP Stack trace:
[23-Sep-2017 06:28:44 UTC] PHP   1. {main}() /home/ubuntu/workspace/Maolsen/Maolsen/labs/lab3/index.php:0
[23-Sep-2017 06:28:44 UTC] PHP   2. displayHand() /home/ubuntu/workspace/Maolsen/Maolsen/labs/lab3/index.php:39
[23-Sep-2017 06:29:04 UTC] PHP Warning:  Missing argument 1 for displayHand(), called in /home/ubuntu/workspace/Maolsen/Maolsen/labs/lab3/index.php on line 39 and defined in /home/ubuntu/workspace/Maolsen/Maolsen/labs/lab3/index.php on line 16
[23-Sep-2017 06:29:04 UTC] PHP Stack trace:
[23-Sep-2017 06:29:04 UTC] PHP   1. {main}() /home/ubuntu/workspace/Maolsen/Maolsen/labs/lab3/index.php:0
[23-Sep-2017 06:29:04 UTC] PHP   2. displayHand() /home/ubuntu/workspace/Maolsen/Maolsen/labs/lab3/index.php:39
[23-Sep-2017 06:29:42 UTC] PHP Warning:  Missing argument 1 for displayHand(), called in /home/ubuntu/workspace/Maolsen/Maolsen/labs/lab3/index.php on line 39 and defined in /home/ubuntu/workspace/Maolsen/Maolsen/labs/lab3/index.php on line 16
[23-Sep-2017 06:29:42 UTC] PHP Stack trace:
[23-Sep-2017 06:29:42 UTC] PHP   1. {main}() /home/ubuntu/workspace/Maolsen/Maolsen/labs/lab3/index.php:0
[23-Sep-2017 06:29:42 UTC] PHP   2. displayHand() /home/ubuntu/workspace/Maolsen/Maolsen/labs/lab3/index.php:39
[23-Sep-2017 06:30:53 UTC] PHP Warning:  Missing argument 1 for displayHand(), called in /home/ubuntu/workspace/Maolsen/Maolsen/labs/lab3/index.php on line 39 and defined in /home/ubuntu/workspace/Maolsen/Maolsen/labs/lab3/index.php on line 16
[23-Sep-2017 06:30:53 UTC] PHP Stack trace:
[23-Sep-2017 06:30:53 UTC] PHP   1. {main}() /home/ubuntu/workspace/Maolsen/Maolsen/labs/lab3/index.php:0
[23-Sep-2017 06:30:53 UTC] PHP   2. displayHand() /home/ubuntu/workspace/Maolsen/Maolsen/labs/lab3/index.php:39
[23-Sep-2017 19:56:50 UTC] PHP Warning:  Missing argument 1 for displayHand(), called in /home/ubuntu/workspace/Maolsen/Maolsen/labs/lab3/index.php on line 21 and defined in /home/ubuntu/workspace/Maolsen/Maolsen/labs/lab3/index.php on line 16
[23-Sep-2017 19:56:50 UTC] PHP Stack trace:
[23-Sep-2017 19:56:50 UTC] PHP   1. {main}() /home/ubuntu/workspace/Maolsen/Maolsen/labs/lab3/index.php:0
[23-Sep-2017 19:56:50 UTC] PHP   2. displayHand() /home/ubuntu/workspace/Maolsen/Maolsen/labs/lab3/index.php:21
[23-Sep-2017 19:58:01 UTC] PHP Warning:  Missing argument 1 for displayHand(), called in /home/ubuntu/workspace/Maolsen/Maolsen/labs/lab3/index.php on line 21 and defined in /home/ubuntu/workspace/Maolsen/Maolsen/labs/lab3/index.php on line 16
[23-Sep-2017 19:58:01 UTC] PHP Stack trace:
[23-Sep-2017 19:58:01 UTC] PHP   1. {main}() /home/ubuntu/workspace/Maolsen/Maolsen/labs/lab3/index.php:0
[23-Sep-2017 19:58:01 UTC] PHP   2. displayHand() /home/ubuntu/workspace/Maolsen/Maolsen/labs/lab3/index.php:21
[23-Sep-2017 19:59:05 UTC] PHP Warning:  Missing argument 1 for displayHand(), called in /home/ubuntu/workspace/Maolsen/Maolsen/labs/lab3/index.php on line 21 and defined in /home/ubuntu/workspace/Maolsen/Maolsen/labs/lab3/index.php on line 16
[23-Sep-2017 19:59:05 UTC] PHP Stack trace:
[23-Sep-2017 19:59:05 UTC] PHP   1. {main}() /home/ubuntu/workspace/Maolsen/Maolsen/labs/lab3/index.php:0
[23-Sep-2017 19:59:05 UTC] PHP   2. displayHand() /home/ubuntu/workspace/Maolsen/Maolsen/labs/lab3/index.php:21
[23-Sep-2017 20:06:22 UTC] PHP Warning:  array_pop() expects parameter 1 to be array, integer given in /home/ubuntu/workspace/Maolsen/Maolsen/labs/lab3/index.php on line 18
[23-Sep-2017 20:06:22 UTC] PHP Stack trace:
[23-Sep-2017 20:06:22 UTC] PHP   1. {main}() /home/ubuntu/workspace/Maolsen/Maolsen/labs/lab3/index.php:0
[23-Sep-2017 20:06:22 UTC] PHP   2. displayHand() /home/ubuntu/workspace/Maolsen/Maolsen/labs/lab3/index.php:22
[23-Sep-2017 20:06:22 UTC] PHP   3. array_pop() /home/ubuntu/workspace/Maolsen/Maolsen/labs/lab3/index.php:18
[23-Sep-2017 20:06:22 UTC] PHP Warning:  array_pop() expects parameter 1 to be array, integer given in /home/ubuntu/workspace/Maolsen/Maolsen/labs/lab3/index.php on line 18
[23-Sep-2017 20:06:22 UTC] PHP Stack trace:
[23-Sep-2017 20:06:22 UTC] PHP   1. {main}() /home/ubuntu/workspace/Maolsen/Maolsen/labs/lab3/index.php:0
[23-Sep-2017 20:06:22 UTC] PHP   2. displayHand() /home/ubuntu/workspace/Maolsen/Maolsen/labs/lab3/index.php:22
[23-Sep-2017 20:06:22 UTC] PHP   3. array_pop() /home/ubuntu/workspace/Maolsen/Maolsen/labs/lab3/index.php:18
[23-Sep-2017 20:06:22 UTC] PHP Warning:  array_pop() expects parameter 1 to be array, integer given in /home/ubuntu/workspace/Maolsen/Maolsen/labs/lab3/index.php on line 18
[23-Sep-2017 20:06:22 UTC] PHP Stack trace:
[23-Sep-2017 20:06:22 UTC] PHP   1. {main}() /home/ubuntu/workspace/Maolsen/Maolsen/labs/lab3/index.php:0
[23-Sep-2017 20:06:22 UTC] PHP   2. displayHand() /home/ubuntu/workspace/Maolsen/Maolsen/labs/lab3/index.php:22
[23-Sep-2017 20:06:22 UTC] PHP   3. array_pop() /home/ubuntu/workspace/Maolsen/Maolsen/labs/lab3/index.php:18
[23-Sep-2017 20:06:22 UTC] PHP Warning:  array_pop() expects parameter 1 to be array, integer given in /home/ubuntu/workspace/Maolsen/Maolsen/labs/lab3/index.php on line 18
[23-Sep-2017 20:06:22 UTC] PHP Stack trace:
[23-Sep-2017 20:06:22 UTC] PHP   1. {main}() /home/ubuntu/workspace/Maolsen/Maolsen/labs/lab3/index.php:0
[23-Sep-2017 20:06:22 UTC] PHP   2. displayHand() /home/ubuntu/workspace/Maolsen/Maolsen/labs/lab3/index.php:22
[23-Sep-2017 20:06:22 UTC] PHP   3. array_pop() /home/ubuntu/workspace/Maolsen/Maolsen/labs/lab3/index.php:18
[23-Sep-2017 20:06:22 UTC] PHP Warning:  array_pop() expects parameter 1 to be array, integer given in /home/ubuntu/workspace/Maolsen/Maolsen/labs/lab3/index.php on line 18
[23-Sep-2017 20:06:22 UTC] PHP Stack trace:
[23-Sep-2017 20:06:22 UTC] PHP   1. {main}() /home/ubuntu/workspace/Maolsen/Maolsen/labs/lab3/index.php:0
[23-Sep-2017 20:06:22 UTC] PHP   2. displayHand() /home/ubuntu/workspace/Maolsen/Maolsen/labs/lab3/index.php:22
[23-Sep-2017 20:06:22 UTC] PHP   3. array_pop() /home/ubuntu/workspace/Maolsen/Maolsen/labs/lab3/index.php:18
[23-Sep-2017 20:07:48 UTC] PHP Parse error:  syntax error, unexpected 'displayHand' (T_STRING), expecting ',' or ';' in /home/ubuntu/workspace/Maolsen/Maolsen/labs/lab3/index.php on line 24
[23-Sep-2017 20:08:50 UTC] PHP Warning:  Missing argument 1 for displayHand(), called in /home/ubuntu/workspace/Maolsen/Maolsen/labs/lab3/index.php on line 23 and defined in /home/ubuntu/workspace/Maolsen/Maolsen/labs/lab3/index.php on line 16
[23-Sep-2017 20:08:50 UTC] PHP Stack trace:
[23-Sep-2017 20:08:50 UTC] PHP   1. {main}() /home/ubuntu/workspace/Maolsen/Maolsen/labs/lab3/index.php:0
[23-Sep-2017 20:08:50 UTC] PHP   2. displayHand() /home/ubuntu/workspace/Maolsen/Maolsen/labs/lab3/index.php:23
[23-Sep-2017 20:08:50 UTC] PHP Warning:  Missing argument 1 for displayHand(), called in /home/ubuntu/workspace/Maolsen/Maolsen/labs/lab3/index.php on line 25 and defined in /home/ubuntu/workspace/Maolsen/Maolsen/labs/lab3/index.php on line 16
[23-Sep-2017 20:08:50 UTC] PHP Stack trace:
[23-Sep-2017 20:08:50 UTC] PHP   1. {main}() /home/ubuntu/workspace/Maolsen/Maolsen/labs/lab3/index.php:0
[23-Sep-2017 20:08:50 UTC] PHP   2. displayHand() /home/ubuntu/workspace/Maolsen/Maolsen/labs/lab3/index.php:25
[23-Sep-2017 20:52:56 UTC] PHP Parse error:  syntax error, unexpected 'if' (T_IF) in /home/ubuntu/workspace/Maolsen/Maolsen/labs/lab3/index.php on line 19
[23-Sep-2017 21:18:04 UTC] PHP Parse error:  syntax error, unexpected '}', expecting ',' or ';' in /home/ubuntu/workspace/Maolsen/Maolsen/labs/lab3/index.php on line 67
[26-Sep-2017 18:49:05 UTC] PHP Fatal error:  Call to undefined function issest() in /home/ubuntu/workspace/Maolsen/Maolsen/labs/lab4/index.php on line 14
[26-Sep-2017 18:49:05 UTC] PHP Stack trace:
[26-Sep-2017 18:49:05 UTC] PHP   1. {main}() /home/ubuntu/workspace/Maolsen/Maolsen/labs/lab4/index.php:0
[26-Sep-2017 18:49:06 UTC] PHP Fatal error:  Call to undefined function issest() in /home/ubuntu/workspace/Maolsen/Maolsen/labs/lab4/index.php on line 14
[26-Sep-2017 18:49:06 UTC] PHP Stack trace:
[26-Sep-2017 18:49:06 UTC] PHP   1. {main}() /home/ubuntu/workspace/Maolsen/Maolsen/labs/lab4/index.php:0
[26-Sep-2017 18:49:34 UTC] PHP Fatal error:  Call to undefined function issest() in /home/ubuntu/workspace/Maolsen/Maolsen/labs/lab4/index.php on line 14
[26-Sep-2017 18:49:34 UTC] PHP Stack trace:
[26-Sep-2017 18:49:34 UTC] PHP   1. {main}() /home/ubuntu/workspace/Maolsen/Maolsen/labs/lab4/index.php:0
[26-Sep-2017 18:49:34 UTC] PHP Fatal error:  Call to undefined function issest() in /home/ubuntu/workspace/Maolsen/Maolsen/labs/lab4/index.php on line 14
[26-Sep-2017 18:49:34 UTC] PHP Stack trace:
[26-Sep-2017 18:49:34 UTC] PHP   1. {main}() /home/ubuntu/workspace/Maolsen/Maolsen/labs/lab4/index.php:0
[26-Sep-2017 18:49:36 UTC] PHP Fatal error:  Call to undefined function issest() in /home/ubuntu/workspace/Maolsen/Maolsen/labs/lab4/index.php on line 14
[26-Sep-2017 18:49:36 UTC] PHP Stack trace:
[26-Sep-2017 18:49:36 UTC] PHP   1. {main}() /home/ubuntu/workspace/Maolsen/Maolsen/labs/lab4/index.php:0
[26-Sep-2017 18:49:36 UTC] PHP Fatal error:  Call to undefined function issest() in /home/ubuntu/workspace/Maolsen/Maolsen/labs/lab4/index.php on line 14
[26-Sep-2017 18:49:36 UTC] PHP Stack trace:
[26-Sep-2017 18:49:36 UTC] PHP   1. {main}() /home/ubuntu/workspace/Maolsen/Maolsen/labs/lab4/index.php:0
[26-Sep-2017 18:50:27 UTC] PHP Parse error:  syntax error, unexpected '{' in /home/ubuntu/workspace/Maolsen/Maolsen/labs/lab4/index.php on line 14
[26-Sep-2017 18:50:45 UTC] PHP Fatal error:  Call to undefined function issest() in /home/ubuntu/workspace/Maolsen/Maolsen/labs/lab4/index.php on line 14
[26-Sep-2017 18:50:45 UTC] PHP Stack trace:
[26-Sep-2017 18:50:45 UTC] PHP   1. {main}() /home/ubuntu/workspace/Maolsen/Maolsen/labs/lab4/index.php:0
[26-Sep-2017 18:50:45 UTC] PHP Fatal error:  Call to undefined function issest() in /home/ubuntu/workspace/Maolsen/Maolsen/labs/lab4/index.php on line 14
[26-Sep-2017 18:50:45 UTC] PHP Stack trace:
[26-Sep-2017 18:50:45 UTC] PHP   1. {main}() /home/ubuntu/workspace/Maolsen/Maolsen/labs/lab4/index.php:0
[26-Sep-2017 18:50:46 UTC] PHP Fatal error:  Call to undefined function issest() in /home/ubuntu/workspace/Maolsen/Maolsen/labs/lab4/index.php on line 14
[26-Sep-2017 18:50:46 UTC] PHP Stack trace:
[26-Sep-2017 18:50:46 UTC] PHP   1. {main}() /home/ubuntu/workspace/Maolsen/Maolsen/labs/lab4/index.php:0
[26-Sep-2017 18:50:46 UTC] PHP Fatal error:  Call to undefined function issest() in /home/ubuntu/workspace/Maolsen/Maolsen/labs/lab4/index.php on line 14
[26-Sep-2017 18:50:46 UTC] PHP Stack trace:
[26-Sep-2017 18:50:46 UTC] PHP   1. {main}() /home/ubuntu/workspace/Maolsen/Maolsen/labs/lab4/index.php:0
[28-Sep-2017 17:09:40 UTC] PHP Fatal error:  Call to undefined function issest() in /home/ubuntu/workspace/Maolsen/Maolsen/labs/lab4/index.php on line 14
[28-Sep-2017 17:09:40 UTC] PHP Stack trace:
[28-Sep-2017 17:09:40 UTC] PHP   1. {main}() /home/ubuntu/workspace/Maolsen/Maolsen/labs/lab4/index.php:0
[28-Sep-2017 17:09:40 UTC] PHP Fatal error:  Call to undefined function issest() in /home/ubuntu/workspace/Maolsen/Maolsen/labs/lab4/index.php on line 14
[28-Sep-2017 17:09:40 UTC] PHP Stack trace:
[28-Sep-2017 17:09:40 UTC] PHP   1. {main}() /home/ubuntu/workspace/Maolsen/Maolsen/labs/lab4/index.php:0
[28-Sep-2017 17:10:31 UTC] PHP Fatal error:  Call to undefined function issest() in /home/ubuntu/workspace/Maolsen/Maolsen/labs/lab4/index.php on line 14
[28-Sep-2017 17:10:31 UTC] PHP Stack trace:
[28-Sep-2017 17:10:31 UTC] PHP   1. {main}() /home/ubuntu/workspace/Maolsen/Maolsen/labs/lab4/index.php:0
[28-Sep-2017 17:10:31 UTC] PHP Fatal error:  Call to undefined function issest() in /home/ubuntu/workspace/Maolsen/Maolsen/labs/lab4/index.php on line 14
[28-Sep-2017 17:10:31 UTC] PHP Stack trace:
[28-Sep-2017 17:10:31 UTC] PHP   1. {main}() /home/ubuntu/workspace/Maolsen/Maolsen/labs/lab4/index.php:0
[28-Sep-2017 17:10:32 UTC] PHP Fatal error:  Call to undefined function issest() in /home/ubuntu/workspace/Maolsen/Maolsen/labs/lab4/index.php on line 14
[28-Sep-2017 17:10:32 UTC] PHP Stack trace:
[28-Sep-2017 17:10:32 UTC] PHP   1. {main}() /home/ubuntu/workspace/Maolsen/Maolsen/labs/lab4/index.php:0
[28-Sep-2017 17:10:33 UTC] PHP Fatal error:  Call to undefined function issest() in /home/ubuntu/workspace/Maolsen/Maolsen/labs/lab4/index.php on line 14
[28-Sep-2017 17:10:33 UTC] PHP Stack trace:
[28-Sep-2017 17:10:33 UTC] PHP   1. {main}() /home/ubuntu/workspace/Maolsen/Maolsen/labs/lab4/index.php:0
[28-Sep-2017 17:12:43 UTC] PHP Fatal error:  Call to undefined function issest() in /home/ubuntu/workspace/Maolsen/Maolsen/labs/lab4/index.php on line 14
[28-Sep-2017 17:12:43 UTC] PHP Stack trace:
[28-Sep-2017 17:12:43 UTC] PHP   1. {main}() /home/ubuntu/workspace/Maolsen/Maolsen/labs/lab4/index.php:0
[28-Sep-2017 17:12:43 UTC] PHP Fatal error:  Call to undefined function issest() in /home/ubuntu/workspace/Maolsen/Maolsen/labs/lab4/index.php on line 14
[28-Sep-2017 17:12:43 UTC] PHP Stack trace:
[28-Sep-2017 17:12:43 UTC] PHP   1. {main}() /home/ubuntu/workspace/Maolsen/Maolsen/labs/lab4/index.php:0
[28-Sep-2017 17:14:49 UTC] PHP Fatal error:  Call to undefined function issest() in /home/ubuntu/workspace/Maolsen/Maolsen/labs/lab4/index.php on line 14
[28-Sep-2017 17:14:49 UTC] PHP Stack trace:
[28-Sep-2017 17:14:49 UTC] PHP   1. {main}() /home/ubuntu/workspace/Maolsen/Maolsen/labs/lab4/index.php:0
[28-Sep-2017 17:14:49 UTC] PHP Fatal error:  Call to undefined function issest() in /home/ubuntu/workspace/Maolsen/Maolsen/labs/lab4/index.php on line 14
[28-Sep-2017 17:14:49 UTC] PHP Stack trace:
[28-Sep-2017 17:14:49 UTC] PHP   1. {main}() /home/ubuntu/workspace/Maolsen/Maolsen/labs/lab4/index.php:0
[28-Sep-2017 17:15:46 UTC] PHP Fatal error:  Call to undefined function issest() in /home/ubuntu/workspace/Maolsen/Maolsen/labs/lab4/index.php on line 22
[28-Sep-2017 17:15:46 UTC] PHP Stack trace:
[28-Sep-2017 17:15:46 UTC] PHP   1. {main}() /home/ubuntu/workspace/Maolsen/Maolsen/labs/lab4/index.php:0
[28-Sep-2017 17:15:47 UTC] PHP Fatal error:  Call to undefined function issest() in /home/ubuntu/workspace/Maolsen/Maolsen/labs/lab4/index.php on line 22
[28-Sep-2017 17:15:47 UTC] PHP Stack trace:
[28-Sep-2017 17:15:47 UTC] PHP   1. {main}() /home/ubuntu/workspace/Maolsen/Maolsen/labs/lab4/index.php:0
[28-Sep-2017 17:16:32 UTC] PHP Fatal error:  Call to undefined function issest() in /home/ubuntu/workspace/Maolsen/Maolsen/labs/lab4/index.php on line 22
[28-Sep-2017 17:16:32 UTC] PHP Stack trace:
[28-Sep-2017 17:16:32 UTC] PHP   1. {main}() /home/ubuntu/workspace/Maolsen/Maolsen/labs/lab4/index.php:0
[28-Sep-2017 17:16:32 UTC] PHP Fatal error:  Call to undefined function issest() in /home/ubuntu/workspace/Maolsen/Maolsen/labs/lab4/index.php on line 22
[28-Sep-2017 17:16:32 UTC] PHP Stack trace:
[28-Sep-2017 17:16:32 UTC] PHP   1. {main}() /home/ubuntu/workspace/Maolsen/Maolsen/labs/lab4/index.php:0
[28-Sep-2017 17:24:47 UTC] PHP Warning:  include(api/pixabayAPI.php): failed to open stream: No such file or directory in /home/ubuntu/workspace/Maolsen/Maolsen/labs/lab4/index.php on line 38
[28-Sep-2017 17:24:47 UTC] PHP Stack trace:
[28-Sep-2017 17:24:47 UTC] PHP   1. {main}() /home/ubuntu/workspace/Maolsen/Maolsen/labs/lab4/index.php:0
[28-Sep-2017 17:24:47 UTC] PHP   2. getImages() /home/ubuntu/workspace/Maolsen/Maolsen/labs/lab4/index.php:43
[28-Sep-2017 17:24:47 UTC] PHP Warning:  include(): Failed opening 'api/pixabayAPI.php' for inclusion (include_path='.:/usr/share/php:/usr/share/pear') in /home/ubuntu/workspace/Maolsen/Maolsen/labs/lab4/index.php on line 38
[28-Sep-2017 17:24:47 UTC] PHP Stack trace:
[28-Sep-2017 17:24:47 UTC] PHP   1. {main}() /home/ubuntu/workspace/Maolsen/Maolsen/labs/lab4/index.php:0
[28-Sep-2017 17:24:47 UTC] PHP   2. getImages() /home/ubuntu/workspace/Maolsen/Maolsen/labs/lab4/index.php:43
[28-Sep-2017 17:24:47 UTC] PHP Fatal error:  Call to undefined function getImageURLs() in /home/ubuntu/workspace/Maolsen/Maolsen/labs/lab4/index.php on line 39
[28-Sep-2017 17:24:47 UTC] PHP Stack trace:
[28-Sep-2017 17:24:47 UTC] PHP   1. {main}() /home/ubuntu/workspace/Maolsen/Maolsen/labs/lab4/index.php:0
[28-Sep-2017 17:24:47 UTC] PHP   2. getImages() /home/ubuntu/workspace/Maolsen/Maolsen/labs/lab4/index.php:43
[28-Sep-2017 17:24:47 UTC] PHP Warning:  include(api/pixabayAPI.php): failed to open stream: No such file or directory in /home/ubuntu/workspace/Maolsen/Maolsen/labs/lab4/index.php on line 38
[28-Sep-2017 17:24:47 UTC] PHP Stack trace:
[28-Sep-2017 17:24:47 UTC] PHP   1. {main}() /home/ubuntu/workspace/Maolsen/Maolsen/labs/lab4/index.php:0
[28-Sep-2017 17:24:47 UTC] PHP   2. getImages() /home/ubuntu/workspace/Maolsen/Maolsen/labs/lab4/index.php:43
[28-Sep-2017 17:24:47 UTC] PHP Warning:  include(): Failed opening 'api/pixabayAPI.php' for inclusion (include_path='.:/usr/share/php:/usr/share/pear') in /home/ubuntu/workspace/Maolsen/Maolsen/labs/lab4/index.php on line 38
[28-Sep-2017 17:24:47 UTC] PHP Stack trace:
[28-Sep-2017 17:24:47 UTC] PHP   1. {main}() /home/ubuntu/workspace/Maolsen/Maolsen/labs/lab4/index.php:0
[28-Sep-2017 17:24:47 UTC] PHP   2. getImages() /home/ubuntu/workspace/Maolsen/Maolsen/labs/lab4/index.php:43
[28-Sep-2017 17:24:47 UTC] PHP Fatal error:  Call to undefined function getImageURLs() in /home/ubuntu/workspace/Maolsen/Maolsen/labs/lab4/index.php on line 39
[28-Sep-2017 17:24:47 UTC] PHP Stack trace:
[28-Sep-2017 17:24:47 UTC] PHP   1. {main}() /home/ubuntu/workspace/Maolsen/Maolsen/labs/lab4/index.php:0
[28-Sep-2017 17:24:47 UTC] PHP   2. getImages() /home/ubuntu/workspace/Maolsen/Maolsen/labs/lab4/index.php:43
[28-Sep-2017 17:32:55 UTC] PHP Fatal error:  Only variables can be passed by reference in /home/ubuntu/workspace/Maolsen/Maolsen/labs/lab4/index.php on line 40
[28-Sep-2017 17:33:06 UTC] PHP Warning:  shuffle() expects parameter 1 to be array, null given in /home/ubuntu/workspace/Maolsen/Maolsen/labs/lab4/index.php on line 40
[28-Sep-2017 17:33:06 UTC] PHP Stack trace:
[28-Sep-2017 17:33:06 UTC] PHP   1. {main}() /home/ubuntu/workspace/Maolsen/Maolsen/labs/lab4/index.php:0
[28-Sep-2017 17:33:06 UTC] PHP   2. getImages() /home/ubuntu/workspace/Maolsen/Maolsen/labs/lab4/index.php:44
[28-Sep-2017 17:33:06 UTC] PHP   3. shuffle() /home/ubuntu/workspace/Maolsen/Maolsen/labs/lab4/index.php:40
[28-Sep-2017 17:33:06 UTC] PHP Warning:  shuffle() expects parameter 1 to be array, null given in /home/ubuntu/workspace/Maolsen/Maolsen/labs/lab4/index.php on line 40
[28-Sep-2017 17:33:06 UTC] PHP Stack trace:
[28-Sep-2017 17:33:06 UTC] PHP   1. {main}() /home/ubuntu/workspace/Maolsen/Maolsen/labs/lab4/index.php:0
[28-Sep-2017 17:33:06 UTC] PHP   2. getImages() /home/ubuntu/workspace/Maolsen/Maolsen/labs/lab4/index.php:44
[28-Sep-2017 17:33:06 UTC] PHP   3. shuffle() /home/ubuntu/workspace/Maolsen/Maolsen/labs/lab4/index.php:40
[28-Sep-2017 17:33:10 UTC] PHP Warning:  shuffle() expects parameter 1 to be array, null given in /home/ubuntu/workspace/Maolsen/Maolsen/labs/lab4/index.php on line 40
[28-Sep-2017 17:33:10 UTC] PHP Stack trace:
[28-Sep-2017 17:33:10 UTC] PHP   1. {main}() /home/ubuntu/workspace/Maolsen/Maolsen/labs/lab4/index.php:0
[28-Sep-2017 17:33:10 UTC] PHP   2. getImages() /home/ubuntu/workspace/Maolsen/Maolsen/labs/lab4/index.php:44
[28-Sep-2017 17:33:10 UTC] PHP   3. shuffle() /home/ubuntu/workspace/Maolsen/Maolsen/labs/lab4/index.php:40
[28-Sep-2017 17:33:11 UTC] PHP Warning:  shuffle() expects parameter 1 to be array, null given in /home/ubuntu/workspace/Maolsen/Maolsen/labs/lab4/index.php on line 40
[28-Sep-2017 17:33:11 UTC] PHP Stack trace:
[28-Sep-2017 17:33:11 UTC] PHP   1. {main}() /home/ubuntu/workspace/Maolsen/Maolsen/labs/lab4/index.php:0
[28-Sep-2017 17:33:11 UTC] PHP   2. getImages() /home/ubuntu/workspace/Maolsen/Maolsen/labs/lab4/index.php:44
[28-Sep-2017 17:33:11 UTC] PHP   3. shuffle() /home/ubuntu/workspace/Maolsen/Maolsen/labs/lab4/index.php:40
[28-Sep-2017 17:33:18 UTC] PHP Warning:  shuffle() expects parameter 1 to be array, null given in /home/ubuntu/workspace/Maolsen/Maolsen/labs/lab4/index.php on line 40
[28-Sep-2017 17:33:18 UTC] PHP Stack trace:
[28-Sep-2017 17:33:18 UTC] PHP   1. {main}() /home/ubuntu/workspace/Maolsen/Maolsen/labs/lab4/index.php:0
[28-Sep-2017 17:33:18 UTC] PHP   2. getImages() /home/ubuntu/workspace/Maolsen/Maolsen/labs/lab4/index.php:44
[28-Sep-2017 17:33:18 UTC] PHP   3. shuffle() /home/ubuntu/workspace/Maolsen/Maolsen/labs/lab4/index.php:40
[28-Sep-2017 17:33:19 UTC] PHP Warning:  shuffle() expects parameter 1 to be array, null given in /home/ubuntu/workspace/Maolsen/Maolsen/labs/lab4/index.php on line 40
[28-Sep-2017 17:33:19 UTC] PHP Stack trace:
[28-Sep-2017 17:33:19 UTC] PHP   1. {main}() /home/ubuntu/workspace/Maolsen/Maolsen/labs/lab4/index.php:0
[28-Sep-2017 17:33:19 UTC] PHP   2. getImages() /home/ubuntu/workspace/Maolsen/Maolsen/labs/lab4/index.php:44
[28-Sep-2017 17:33:19 UTC] PHP   3. shuffle() /home/ubuntu/workspace/Maolsen/Maolsen/labs/lab4/index.php:40
[28-Sep-2017 17:33:44 UTC] PHP Warning:  shuffle() expects parameter 1 to be array, null given in /home/ubuntu/workspace/Maolsen/Maolsen/labs/lab4/index.php on line 44
[28-Sep-2017 17:33:44 UTC] PHP Stack trace:
[28-Sep-2017 17:33:44 UTC] PHP   1. {main}() /home/ubuntu/workspace/Maolsen/Maolsen/labs/lab4/index.php:0
[28-Sep-2017 17:33:44 UTC] PHP   2. shuffle() /home/ubuntu/workspace/Maolsen/Maolsen/labs/lab4/index.php:44
[28-Sep-2017 17:33:45 UTC] PHP Warning:  shuffle() expects parameter 1 to be array, null given in /home/ubuntu/workspace/Maolsen/Maolsen/labs/lab4/index.php on line 44
[28-Sep-2017 17:33:45 UTC] PHP Stack trace:
[28-Sep-2017 17:33:45 UTC] PHP   1. {main}() /home/ubuntu/workspace/Maolsen/Maolsen/labs/lab4/index.php:0
[28-Sep-2017 17:33:45 UTC] PHP   2. shuffle() /home/ubuntu/workspace/Maolsen/Maolsen/labs/lab4/index.php:44
[28-Sep-2017 17:35:15 UTC] PHP Warning:  shuffle() expects parameter 1 to be array, null given in /home/ubuntu/workspace/Maolsen/Maolsen/labs/lab4/index.php on line 45
[28-Sep-2017 17:35:15 UTC] PHP Stack trace:
[28-Sep-2017 17:35:15 UTC] PHP   1. {main}() /home/ubuntu/workspace/Maolsen/Maolsen/labs/lab4/index.php:0
[28-Sep-2017 17:35:15 UTC] PHP   2. shuffle() /home/ubuntu/workspace/Maolsen/Maolsen/labs/lab4/index.php:45
[28-Sep-2017 17:35:16 UTC] PHP Warning:  shuffle() expects parameter 1 to be array, null given in /home/ubuntu/workspace/Maolsen/Maolsen/labs/lab4/index.php on line 45
[28-Sep-2017 17:35:16 UTC] PHP Stack trace:
[28-Sep-2017 17:35:16 UTC] PHP   1. {main}() /home/ubuntu/workspace/Maolsen/Maolsen/labs/lab4/index.php:0
[28-Sep-2017 17:35:16 UTC] PHP   2. shuffle() /home/ubuntu/workspace/Maolsen/Maolsen/labs/lab4/index.php:45
[28-Sep-2017 17:35:21 UTC] PHP Warning:  shuffle() expects parameter 1 to be array, null given in /home/ubuntu/workspace/Maolsen/Maolsen/labs/lab4/index.php on line 45
[28-Sep-2017 17:35:21 UTC] PHP Stack trace:
[28-Sep-2017 17:35:21 UTC] PHP   1. {main}() /home/ubuntu/workspace/Maolsen/Maolsen/labs/lab4/index.php:0
[28-Sep-2017 17:35:21 UTC] PHP   2. shuffle() /home/ubuntu/workspace/Maolsen/Maolsen/labs/lab4/index.php:45
[28-Sep-2017 17:35:22 UTC] PHP Warning:  shuffle() expects parameter 1 to be array, null given in /home/ubuntu/workspace/Maolsen/Maolsen/labs/lab4/index.php on line 45
[28-Sep-2017 17:35:22 UTC] PHP Stack trace:
[28-Sep-2017 17:35:22 UTC] PHP   1. {main}() /home/ubuntu/workspace/Maolsen/Maolsen/labs/lab4/index.php:0
[28-Sep-2017 17:35:22 UTC] PHP   2. shuffle() /home/ubuntu/workspace/Maolsen/Maolsen/labs/lab4/index.php:45
[28-Sep-2017 17:35:25 UTC] PHP Warning:  shuffle() expects parameter 1 to be array, null given in /home/ubuntu/workspace/Maolsen/Maolsen/labs/lab4/index.php on line 45
[28-Sep-2017 17:35:25 UTC] PHP Stack trace:
[28-Sep-2017 17:35:25 UTC] PHP   1. {main}() /home/ubuntu/workspace/Maolsen/Maolsen/labs/lab4/index.php:0
[28-Sep-2017 17:35:25 UTC] PHP   2. shuffle() /home/ubuntu/workspace/Maolsen/Maolsen/labs/lab4/index.php:45
[28-Sep-2017 17:35:26 UTC] PHP Warning:  shuffle() expects parameter 1 to be array, null given in /home/ubuntu/workspace/Maolsen/Maolsen/labs/lab4/index.php on line 45
[28-Sep-2017 17:35:26 UTC] PHP Stack trace:
[28-Sep-2017 17:35:26 UTC] PHP   1. {main}() /home/ubuntu/workspace/Maolsen/Maolsen/labs/lab4/index.php:0
[28-Sep-2017 17:35:26 UTC] PHP   2. shuffle() /home/ubuntu/workspace/Maolsen/Maolsen/labs/lab4/index.php:45
[28-Sep-2017 17:36:04 UTC] PHP Warning:  shuffle() expects parameter 1 to be array, null given in /home/ubuntu/workspace/Maolsen/Maolsen/labs/lab4/index.php on line 46
[28-Sep-2017 17:36:04 UTC] PHP Stack trace:
[28-Sep-2017 17:36:04 UTC] PHP   1. {main}() /home/ubuntu/workspace/Maolsen/Maolsen/labs/lab4/index.php:0
[28-Sep-2017 17:36:04 UTC] PHP   2. shuffle() /home/ubuntu/workspace/Maolsen/Maolsen/labs/lab4/index.php:46
[28-Sep-2017 17:36:05 UTC] PHP Warning:  shuffle() expects parameter 1 to be array, null given in /home/ubuntu/workspace/Maolsen/Maolsen/labs/lab4/index.php on line 46
[28-Sep-2017 17:36:05 UTC] PHP Stack trace:
[28-Sep-2017 17:36:05 UTC] PHP   1. {main}() /home/ubuntu/workspace/Maolsen/Maolsen/labs/lab4/index.php:0
[28-Sep-2017 17:36:05 UTC] PHP   2. shuffle() /home/ubuntu/workspace/Maolsen/Maolsen/labs/lab4/index.php:46
[28-Sep-2017 17:36:14 UTC] PHP Warning:  shuffle() expects parameter 1 to be array, null given in /home/ubuntu/workspace/Maolsen/Maolsen/labs/lab4/index.php on line 46
[28-Sep-2017 17:36:14 UTC] PHP Stack trace:
[28-Sep-2017 17:36:14 UTC] PHP   1. {main}() /home/ubuntu/workspace/Maolsen/Maolsen/labs/lab4/index.php:0
[28-Sep-2017 17:36:14 UTC] PHP   2. shuffle() /home/ubuntu/workspace/Maolsen/Maolsen/labs/lab4/index.php:46
[28-Sep-2017 17:36:15 UTC] PHP Warning:  shuffle() expects parameter 1 to be array, null given in /home/ubuntu/workspace/Maolsen/Maolsen/labs/lab4/index.php on line 46
[28-Sep-2017 17:36:15 UTC] PHP Stack trace:
[28-Sep-2017 17:36:15 UTC] PHP   1. {main}() /home/ubuntu/workspace/Maolsen/Maolsen/labs/lab4/index.php:0
[28-Sep-2017 17:36:15 UTC] PHP   2. shuffle() /home/ubuntu/workspace/Maolsen/Maolsen/labs/lab4/index.php:46
[28-Sep-2017 17:36:26 UTC] PHP Warning:  shuffle() expects parameter 1 to be array, null given in /home/ubuntu/workspace/Maolsen/Maolsen/labs/lab4/index.php on line 46
[28-Sep-2017 17:36:26 UTC] PHP Stack trace:
[28-Sep-2017 17:36:26 UTC] PHP   1. {main}() /home/ubuntu/workspace/Maolsen/Maolsen/labs/lab4/index.php:0
[28-Sep-2017 17:36:26 UTC] PHP   2. shuffle() /home/ubuntu/workspace/Maolsen/Maolsen/labs/lab4/index.php:46
[28-Sep-2017 17:36:27 UTC] PHP Warning:  shuffle() expects parameter 1 to be array, null given in /home/ubuntu/workspace/Maolsen/Maolsen/labs/lab4/index.php on line 46
[28-Sep-2017 17:36:27 UTC] PHP Stack trace:
[28-Sep-2017 17:36:27 UTC] PHP   1. {main}() /home/ubuntu/workspace/Maolsen/Maolsen/labs/lab4/index.php:0
[28-Sep-2017 17:36:27 UTC] PHP   2. shuffle() /home/ubuntu/workspace/Maolsen/Maolsen/labs/lab4/index.php:46
[28-Sep-2017 17:41:24 UTC] PHP Warning:  shuffle() expects parameter 1 to be array, null given in /home/ubuntu/workspace/Maolsen/Maolsen/labs/lab4/index.php on line 47
[28-Sep-2017 17:41:24 UTC] PHP Stack trace:
[28-Sep-2017 17:41:24 UTC] PHP   1. {main}() /home/ubuntu/workspace/Maolsen/Maolsen/labs/lab4/index.php:0
[28-Sep-2017 17:41:24 UTC] PHP   2. shuffle() /home/ubuntu/workspace/Maolsen/Maolsen/labs/lab4/index.php:47
[28-Sep-2017 17:41:25 UTC] PHP Warning:  shuffle() expects parameter 1 to be array, null given in /home/ubuntu/workspace/Maolsen/Maolsen/labs/lab4/index.php on line 47
[28-Sep-2017 17:41:25 UTC] PHP Stack trace:
[28-Sep-2017 17:41:25 UTC] PHP   1. {main}() /home/ubuntu/workspace/Maolsen/Maolsen/labs/lab4/index.php:0
[28-Sep-2017 17:41:25 UTC] PHP   2. shuffle() /home/ubuntu/workspace/Maolsen/Maolsen/labs/lab4/index.php:47
[28-Sep-2017 17:41:44 UTC] PHP Warning:  shuffle() expects parameter 1 to be array, null given in /home/ubuntu/workspace/Maolsen/Maolsen/labs/lab4/index.php on line 47
[28-Sep-2017 17:41:44 UTC] PHP Stack trace:
[28-Sep-2017 17:41:44 UTC] PHP   1. {main}() /home/ubuntu/workspace/Maolsen/Maolsen/labs/lab4/index.php:0
[28-Sep-2017 17:41:44 UTC] PHP   2. shuffle() /home/ubuntu/workspace/Maolsen/Maolsen/labs/lab4/index.php:47
[28-Sep-2017 17:41:45 UTC] PHP Warning:  shuffle() expects parameter 1 to be array, null given in /home/ubuntu/workspace/Maolsen/Maolsen/labs/lab4/index.php on line 47
[28-Sep-2017 17:41:45 UTC] PHP Stack trace:
[28-Sep-2017 17:41:45 UTC] PHP   1. {main}() /home/ubuntu/workspace/Maolsen/Maolsen/labs/lab4/index.php:0
[28-Sep-2017 17:41:45 UTC] PHP   2. shuffle() /home/ubuntu/workspace/Maolsen/Maolsen/labs/lab4/index.php:47
[28-Sep-2017 17:42:23 UTC] PHP Warning:  shuffle() expects parameter 1 to be array, null given in /home/ubuntu/workspace/Maolsen/Maolsen/labs/lab4/index.php on line 47
[28-Sep-2017 17:42:23 UTC] PHP Stack trace:
[28-Sep-2017 17:42:23 UTC] PHP   1. {main}() /home/ubuntu/workspace/Maolsen/Maolsen/labs/lab4/index.php:0
[28-Sep-2017 17:42:23 UTC] PHP   2. shuffle() /home/ubuntu/workspace/Maolsen/Maolsen/labs/lab4/index.php:47
[28-Sep-2017 17:42:23 UTC] PHP Fatal error:  Cannot redeclare getImageURLs() (previously declared in /home/ubuntu/workspace/Maolsen/Maolsen/labs/lab4/Slider/api/pixabayAPI.php:4) in /home/ubuntu/workspace/Maolsen/Maolsen/labs/lab4/Slider/api/pixabayAPI.php on line 4
[28-Sep-2017 17:42:23 UTC] PHP Stack trace:
[28-Sep-2017 17:42:23 UTC] PHP   1. {main}() /home/ubuntu/workspace/Maolsen/Maolsen/labs/lab4/index.php:0
[28-Sep-2017 17:42:23 UTC] PHP   2. getImages() /home/ubuntu/workspace/Maolsen/Maolsen/labs/lab4/index.php:48
[28-Sep-2017 17:42:24 UTC] PHP Warning:  shuffle() expects parameter 1 to be array, null given in /home/ubuntu/workspace/Maolsen/Maolsen/labs/lab4/index.php on line 47
[28-Sep-2017 17:42:24 UTC] PHP Stack trace:
[28-Sep-2017 17:42:24 UTC] PHP   1. {main}() /home/ubuntu/workspace/Maolsen/Maolsen/labs/lab4/index.php:0
[28-Sep-2017 17:42:24 UTC] PHP   2. shuffle() /home/ubuntu/workspace/Maolsen/Maolsen/labs/lab4/index.php:47
[28-Sep-2017 17:42:24 UTC] PHP Fatal error:  Cannot redeclare getImageURLs() (previously declared in /home/ubuntu/workspace/Maolsen/Maolsen/labs/lab4/Slider/api/pixabayAPI.php:4) in /home/ubuntu/workspace/Maolsen/Maolsen/labs/lab4/Slider/api/pixabayAPI.php on line 4
[28-Sep-2017 17:42:24 UTC] PHP Stack trace:
[28-Sep-2017 17:42:24 UTC] PHP   1. {main}() /home/ubuntu/workspace/Maolsen/Maolsen/labs/lab4/index.php:0
[28-Sep-2017 17:42:24 UTC] PHP   2. getImages() /home/ubuntu/workspace/Maolsen/Maolsen/labs/lab4/index.php:48
[28-Sep-2017 17:42:27 UTC] PHP Warning:  shuffle() expects parameter 1 to be array, null given in /home/ubuntu/workspace/Maolsen/Maolsen/labs/lab4/index.php on line 47
[28-Sep-2017 17:42:27 UTC] PHP Stack trace:
[28-Sep-2017 17:42:27 UTC] PHP   1. {main}() /home/ubuntu/workspace/Maolsen/Maolsen/labs/lab4/index.php:0
[28-Sep-2017 17:42:27 UTC] PHP   2. shuffle() /home/ubuntu/workspace/Maolsen/Maolsen/labs/lab4/index.php:47
[28-Sep-2017 17:42:27 UTC] PHP Fatal error:  Cannot redeclare getImageURLs() (previously declared in /home/ubuntu/workspace/Maolsen/Maolsen/labs/lab4/Slider/api/pixabayAPI.php:4) in /home/ubuntu/workspace/Maolsen/Maolsen/labs/lab4/Slider/api/pixabayAPI.php on line 4
[28-Sep-2017 17:42:27 UTC] PHP Stack trace:
[28-Sep-2017 17:42:27 UTC] PHP   1. {main}() /home/ubuntu/workspace/Maolsen/Maolsen/labs/lab4/index.php:0
[28-Sep-2017 17:42:27 UTC] PHP   2. getImages() /home/ubuntu/workspace/Maolsen/Maolsen/labs/lab4/index.php:48
[28-Sep-2017 17:42:28 UTC] PHP Warning:  shuffle() expects parameter 1 to be array, null given in /home/ubuntu/workspace/Maolsen/Maolsen/labs/lab4/index.php on line 47
[28-Sep-2017 17:42:28 UTC] PHP Stack trace:
[28-Sep-2017 17:42:28 UTC] PHP   1. {main}() /home/ubuntu/workspace/Maolsen/Maolsen/labs/lab4/index.php:0
[28-Sep-2017 17:42:28 UTC] PHP   2. shuffle() /home/ubuntu/workspace/Maolsen/Maolsen/labs/lab4/index.php:47
[28-Sep-2017 17:42:28 UTC] PHP Fatal error:  Cannot redeclare getImageURLs() (previously declared in /home/ubuntu/workspace/Maolsen/Maolsen/labs/lab4/Slider/api/pixabayAPI.php:4) in /home/ubuntu/workspace/Maolsen/Maolsen/labs/lab4/Slider/api/pixabayAPI.php on line 4
[28-Sep-2017 17:42:28 UTC] PHP Stack trace:
[28-Sep-2017 17:42:28 UTC] PHP   1. {main}() /home/ubuntu/workspace/Maolsen/Maolsen/labs/lab4/index.php:0
[28-Sep-2017 17:42:28 UTC] PHP   2. getImages() /home/ubuntu/workspace/Maolsen/Maolsen/labs/lab4/index.php:48
[28-Sep-2017 17:42:35 UTC] PHP Warning:  shuffle() expects parameter 1 to be array, null given in /home/ubuntu/workspace/Maolsen/Maolsen/labs/lab4/index.php on line 47
[28-Sep-2017 17:42:35 UTC] PHP Stack trace:
[28-Sep-2017 17:42:35 UTC] PHP   1. {main}() /home/ubuntu/workspace/Maolsen/Maolsen/labs/lab4/index.php:0
[28-Sep-2017 17:42:35 UTC] PHP   2. shuffle() /home/ubuntu/workspace/Maolsen/Maolsen/labs/lab4/index.php:47
[28-Sep-2017 17:42:35 UTC] PHP Fatal error:  Cannot redeclare getImageURLs() (previously declared in /home/ubuntu/workspace/Maolsen/Maolsen/labs/lab4/Slider/api/pixabayAPI.php:4) in /home/ubuntu/workspace/Maolsen/Maolsen/labs/lab4/Slider/api/pixabayAPI.php on line 4
[28-Sep-2017 17:42:35 UTC] PHP Stack trace:
[28-Sep-2017 17:42:35 UTC] PHP   1. {main}() /home/ubuntu/workspace/Maolsen/Maolsen/labs/lab4/index.php:0
[28-Sep-2017 17:42:35 UTC] PHP   2. getImages() /home/ubuntu/workspace/Maolsen/Maolsen/labs/lab4/index.php:48
[28-Sep-2017 17:42:35 UTC] PHP Warning:  shuffle() expects parameter 1 to be array, null given in /home/ubuntu/workspace/Maolsen/Maolsen/labs/lab4/index.php on line 47
[28-Sep-2017 17:42:35 UTC] PHP Stack trace:
[28-Sep-2017 17:42:35 UTC] PHP   1. {main}() /home/ubuntu/workspace/Maolsen/Maolsen/labs/lab4/index.php:0
[28-Sep-2017 17:42:35 UTC] PHP   2. shuffle() /home/ubuntu/workspace/Maolsen/Maolsen/labs/lab4/index.php:47
[28-Sep-2017 17:42:35 UTC] PHP Fatal error:  Cannot redeclare getImageURLs() (previously declared in /home/ubuntu/workspace/Maolsen/Maolsen/labs/lab4/Slider/api/pixabayAPI.php:4) in /home/ubuntu/workspace/Maolsen/Maolsen/labs/lab4/Slider/api/pixabayAPI.php on line 4
[28-Sep-2017 17:42:35 UTC] PHP Stack trace:
[28-Sep-2017 17:42:35 UTC] PHP   1. {main}() /home/ubuntu/workspace/Maolsen/Maolsen/labs/lab4/index.php:0
[28-Sep-2017 17:42:35 UTC] PHP   2. getImages() /home/ubuntu/workspace/Maolsen/Maolsen/labs/lab4/index.php:48
[28-Sep-2017 17:44:07 UTC] PHP Warning:  shuffle() expects parameter 1 to be array, null given in /home/ubuntu/workspace/Maolsen/Maolsen/labs/lab4/index.php on line 47
[28-Sep-2017 17:44:07 UTC] PHP Stack trace:
[28-Sep-2017 17:44:07 UTC] PHP   1. {main}() /home/ubuntu/workspace/Maolsen/Maolsen/labs/lab4/index.php:0
[28-Sep-2017 17:44:07 UTC] PHP   2. shuffle() /home/ubuntu/workspace/Maolsen/Maolsen/labs/lab4/index.php:47
[28-Sep-2017 17:44:08 UTC] PHP Warning:  shuffle() expects parameter 1 to be array, null given in /home/ubuntu/workspace/Maolsen/Maolsen/labs/lab4/index.php on line 47
[28-Sep-2017 17:44:08 UTC] PHP Stack trace:
[28-Sep-2017 17:44:08 UTC] PHP   1. {main}() /home/ubuntu/workspace/Maolsen/Maolsen/labs/lab4/index.php:0
[28-Sep-2017 17:44:08 UTC] PHP   2. shuffle() /home/ubuntu/workspace/Maolsen/Maolsen/labs/lab4/index.php:47
[28-Sep-2017 17:52:52 UTC] PHP Warning:  shuffle() expects parameter 1 to be array, null given in /home/ubuntu/workspace/Maolsen/Maolsen/labs/lab4/index.php on line 47
[28-Sep-2017 17:52:52 UTC] PHP Stack trace:
[28-Sep-2017 17:52:52 UTC] PHP   1. {main}() /home/ubuntu/workspace/Maolsen/Maolsen/labs/lab4/index.php:0
[28-Sep-2017 17:52:52 UTC] PHP   2. shuffle() /home/ubuntu/workspace/Maolsen/Maolsen/labs/lab4/index.php:47
[28-Sep-2017 17:52:53 UTC] PHP Warning:  shuffle() expects parameter 1 to be array, null given in /home/ubuntu/workspace/Maolsen/Maolsen/labs/lab4/index.php on line 47
[28-Sep-2017 17:52:53 UTC] PHP Stack trace:
[28-Sep-2017 17:52:53 UTC] PHP   1. {main}() /home/ubuntu/workspace/Maolsen/Maolsen/labs/lab4/index.php:0
[28-Sep-2017 17:52:53 UTC] PHP   2. shuffle() /home/ubuntu/workspace/Maolsen/Maolsen/labs/lab4/index.php:47
[28-Sep-2017 18:32:25 UTC] PHP Fatal error:  Maximum execution time of 300 seconds exceeded in /home/ubuntu/workspace/Maolsen/Maolsen/labs/lab4/index.php on line 43
[28-Sep-2017 18:32:25 UTC] PHP Stack trace:
[28-Sep-2017 18:32:25 UTC] PHP   1. {main}() /home/ubuntu/workspace/Maolsen/Maolsen/labs/lab4/index.php:0
[28-Sep-2017 18:38:03 UTC] PHP Fatal error:  Maximum execution time of 300 seconds exceeded in /home/ubuntu/workspace/Maolsen/Maolsen/labs/lab4/index.php on line 43
[28-Sep-2017 18:38:03 UTC] PHP Stack trace:
[28-Sep-2017 18:38:03 UTC] PHP   1. {main}() /home/ubuntu/workspace/Maolsen/Maolsen/labs/lab4/index.php:0
[28-Sep-2017 18:38:03 UTC] PHP   2. rand() /home/ubuntu/workspace/Maolsen/Maolsen/labs/lab4/index.php:43
[28-Sep-2017 18:38:09 UTC] PHP Fatal error:  Maximum execution time of 300 seconds exceeded in /home/ubuntu/workspace/Maolsen/Maolsen/labs/lab4/index.php on line 43
[28-Sep-2017 18:38:09 UTC] PHP Stack trace:
[28-Sep-2017 18:38:09 UTC] PHP   1. {main}() /home/ubuntu/workspace/Maolsen/Maolsen/labs/lab4/index.php:0
[28-Sep-2017 18:38:09 UTC] PHP   2. rand() /home/ubuntu/workspace/Maolsen/Maolsen/labs/lab4/index.php:43
[28-Sep-2017 18:39:10 UTC] PHP Fatal error:  Maximum execution time of 300 seconds exceeded in /home/ubuntu/workspace/Maolsen/Maolsen/labs/lab4/index.php on line 43
[28-Sep-2017 18:39:10 UTC] PHP Stack trace:
[28-Sep-2017 18:39:10 UTC] PHP   1. {main}() /home/ubuntu/workspace/Maolsen/Maolsen/labs/lab4/index.php:0
[28-Sep-2017 18:39:10 UTC] PHP   2. count() /home/ubuntu/workspace/Maolsen/Maolsen/labs/lab4/index.php:43
[28-Sep-2017 18:58:25 UTC] PHP Fatal error:  Maximum execution time of 300 seconds exceeded in /home/ubuntu/workspace/Maolsen/Maolsen/labs/lab4/index.php on line 55
[28-Sep-2017 18:58:25 UTC] PHP Stack trace:
[28-Sep-2017 18:58:25 UTC] PHP   1. {main}() /home/ubuntu/workspace/Maolsen/Maolsen/labs/lab4/index.php:0
[28-Sep-2017 19:05:53 UTC] PHP Fatal error:  Maximum execution time of 300 seconds exceeded in /home/ubuntu/workspace/Maolsen/Maolsen/labs/lab4/index.php on line 56
[28-Sep-2017 19:05:53 UTC] PHP Stack trace:
[28-Sep-2017 19:05:53 UTC] PHP   1. {main}() /home/ubuntu/workspace/Maolsen/Maolsen/labs/lab4/index.php:0
[28-Sep-2017 19:05:53 UTC] PHP   2. count() /home/ubuntu/workspace/Maolsen/Maolsen/labs/lab4/index.php:56
[28-Sep-2017 19:09:09 UTC] PHP Fatal error:  Maximum execution time of 300 seconds exceeded in /home/ubuntu/workspace/Maolsen/Maolsen/labs/lab4/index.php on line 57
[28-Sep-2017 19:09:09 UTC] PHP Stack trace:
[28-Sep-2017 19:09:09 UTC] PHP   1. {main}() /home/ubuntu/workspace/Maolsen/Maolsen/labs/lab4/index.php:0
[28-Sep-2017 19:09:09 UTC] PHP   2. rand() /home/ubuntu/workspace/Maolsen/Maolsen/labs/lab4/index.php:57
[28-Sep-2017 19:11:08 UTC] PHP Fatal error:  Maximum execution time of 300 seconds exceeded in /home/ubuntu/workspace/Maolsen/Maolsen/labs/lab4/index.php on line 35
[28-Sep-2017 19:11:08 UTC] PHP Stack trace:
[28-Sep-2017 19:11:08 UTC] PHP   1. {main}() /home/ubuntu/workspace/Maolsen/Maolsen/labs/lab4/index.php:0
[01-Oct-2017 03:15:08 UTC] PHP Parse error:  syntax error, unexpected '}', expecting ',' or ';' in /home/ubuntu/workspace/Maolsen/Maolsen/labs/lab4/index.php on line 60
[05-Oct-2017 18:33:16 UTC] PHP Fatal error:  Uncaught exception 'PDOException' with message 'SQLSTATE[HY000] [1049] Unknown database 'quotes'' in /home/ubuntu/workspace/Maolsen/Maolsen/labs/lab5/index.php:7
Stack trace:
#0 /home/ubuntu/workspace/Maolsen/Maolsen/labs/lab5/index.php(7): PDO->__construct('mysql:host=loca...', 'root', '')
#1 {main}
  thrown in /home/ubuntu/workspace/Maolsen/Maolsen/labs/lab5/index.php on line 7
[05-Oct-2017 18:35:40 UTC] PHP Fatal error:  Uncaught exception 'PDOException' with message 'SQLSTATE[HY000] [1049] Unknown database 'quotes'' in /home/ubuntu/workspace/Maolsen/Maolsen/labs/lab5/index.php:7
Stack trace:
#0 /home/ubuntu/workspace/Maolsen/Maolsen/labs/lab5/index.php(7): PDO->__construct('mysql:host=loca...', 'root', '')
#1 {main}
  thrown in /home/ubuntu/workspace/Maolsen/Maolsen/labs/lab5/index.php on line 7
[05-Oct-2017 18:35:41 UTC] PHP Fatal error:  Uncaught exception 'PDOException' with message 'SQLSTATE[HY000] [1049] Unknown database 'quotes'' in /home/ubuntu/workspace/Maolsen/Maolsen/labs/lab5/index.php:7
Stack trace:
#0 /home/ubuntu/workspace/Maolsen/Maolsen/labs/lab5/index.php(7): PDO->__construct('mysql:host=loca...', 'root', '')
#1 {main}
  thrown in /home/ubuntu/workspace/Maolsen/Maolsen/labs/lab5/index.php on line 7
[05-Oct-2017 18:36:36 UTC] PHP Fatal error:  Uncaught exception 'PDOException' with message 'SQLSTATE[HY000] [1049] Unknown database 'quotes'' in /home/ubuntu/workspace/Maolsen/Maolsen/labs/lab5/index.php:7
Stack trace:
#0 /home/ubuntu/workspace/Maolsen/Maolsen/labs/lab5/index.php(7): PDO->__construct('mysql:host=loca...', 'root', '')
#1 {main}
  thrown in /home/ubuntu/workspace/Maolsen/Maolsen/labs/lab5/index.php on line 7
[05-Oct-2017 18:36:38 UTC] PHP Fatal error:  Uncaught exception 'PDOException' with message 'SQLSTATE[HY000] [1049] Unknown database 'quotes'' in /home/ubuntu/workspace/Maolsen/Maolsen/labs/lab5/index.php:7
Stack trace:
#0 /home/ubuntu/workspace/Maolsen/Maolsen/labs/lab5/index.php(7): PDO->__construct('mysql:host=loca...', 'root', '')
#1 {main}
  thrown in /home/ubuntu/workspace/Maolsen/Maolsen/labs/lab5/index.php on line 7
[05-Oct-2017 18:36:38 UTC] PHP Fatal error:  Uncaught exception 'PDOException' with message 'SQLSTATE[HY000] [1049] Unknown database 'quotes'' in /home/ubuntu/workspace/Maolsen/Maolsen/labs/lab5/index.php:7
Stack trace:
#0 /home/ubuntu/workspace/Maolsen/Maolsen/labs/lab5/index.php(7): PDO->__construct('mysql:host=loca...', 'root', '')
#1 {main}
  thrown in /home/ubuntu/workspace/Maolsen/Maolsen/labs/lab5/index.php on line 7
[05-Oct-2017 18:37:59 UTC] PHP Fatal error:  Uncaught exception 'PDOException' with message 'SQLSTATE[HY000] [1049] Unknown database 'quotes'' in /home/ubuntu/workspace/Maolsen/Maolsen/labs/lab5/index.php:7
Stack trace:
#0 /home/ubuntu/workspace/Maolsen/Maolsen/labs/lab5/index.php(7): PDO->__construct('mysql:host=loca...', 'root', '')
#1 {main}
  thrown in /home/ubuntu/workspace/Maolsen/Maolsen/labs/lab5/index.php on line 7
